2021-09-29 16:32:20,110 - h5_out_case.py - setUpClass - DEBUG - 开始写入接口自动化测试用例
2021-09-29 16:32:20,122 - connectionpool.py - _new_conn - DEBUG - Starting new HTTPS connection (1): pre.guan.yatonghui.com:443
2021-09-29 16:32:20,305 - connectionpool.py - _make_request - DEBUG - https://pre.guan.yatonghui.com:443 "GET /api/sys/base/organization/getOrgSimple?code=MCGS HTTP/1.1" 200 None
2021-09-29 16:32:20,313 - connectionpool.py - _new_conn - DEBUG - Starting new HTTPS connection (1): pre.guan.yatonghui.com:443
2021-09-29 16:32:20,486 - connectionpool.py - _make_request - DEBUG - https://pre.guan.yatonghui.com:443 "GET /api/verification/code/1/13300000110 HTTP/1.1" 200 74
2021-09-29 16:32:20,500 - connectionpool.py - _new_conn - DEBUG - Starting new HTTPS connection (1): pre.guan.yatonghui.com:443
2021-09-29 16:32:20,650 - connectionpool.py - _make_request - DEBUG - https://pre.guan.yatonghui.com:443 "POST /api/login HTTP/1.1" 200 104
2021-09-29 16:32:20,686 - connectionpool.py - _new_conn - DEBUG - Starting new HTTPS connection (1): pre.guan.yatonghui.com:443
2021-09-29 16:32:20,928 - connectionpool.py - _make_request - DEBUG - https://pre.guan.yatonghui.com:443 "GET /api/sys/base/dict/group/list?type=2 HTTP/1.1" 200 None
2021-09-29 16:32:21,009 - connectionpool.py - _new_conn - DEBUG - Starting new HTTPS connection (1): pre.guan.yatonghui.com:443
2021-09-29 16:32:21,190 - connectionpool.py - _make_request - DEBUG - https://pre.guan.yatonghui.com:443 "GET /api/verification/code/1/13300000110 HTTP/1.1" 200 74
2021-09-29 16:32:21,199 - connectionpool.py - _new_conn - DEBUG - Starting new HTTPS connection (1): pre.guan.yatonghui.com:443
2021-09-29 16:32:21,316 - connectionpool.py - _make_request - DEBUG - https://pre.guan.yatonghui.com:443 "POST /api/login HTTP/1.1" 200 104
2021-09-29 16:32:21,350 - connectionpool.py - _new_conn - DEBUG - Starting new HTTPS connection (1): pre.guan.yatonghui.com:443
2021-09-29 16:32:21,430 - connectionpool.py - _make_request - DEBUG - https://pre.guan.yatonghui.com:443 "GET /api/sys/base/employee/profile?%7B%22orgId%22:%20%22%22%7D HTTP/1.1" 200 None
2021-09-29 16:32:21,462 - connectionpool.py - _new_conn - DEBUG - Starting new HTTPS connection (1): pre.guan.yatonghui.com:443
2021-09-29 16:32:21,601 - connectionpool.py - _make_request - DEBUG - https://pre.guan.yatonghui.com:443 "GET /api/verification/code/1/13300000110 HTTP/1.1" 200 74
2021-09-29 16:32:21,608 - connectionpool.py - _new_conn - DEBUG - Starting new HTTPS connection (1): pre.guan.yatonghui.com:443
2021-09-29 16:32:21,728 - connectionpool.py - _make_request - DEBUG - https://pre.guan.yatonghui.com:443 "POST /api/login HTTP/1.1" 200 104
2021-09-29 16:32:21,756 - connectionpool.py - _new_conn - DEBUG - Starting new HTTPS connection (1): pre.guan.yatonghui.com:443
