2021-09-29 17:32:20,831 - h5_out_case.py - setUpClass - DEBUG - 开始写入接口自动化测试用例
2021-09-29 17:32:20,844 - connectionpool.py - _new_conn - DEBUG - Starting new HTTPS connection (1): hotfix.guan.yatonghui.com:443
2021-09-29 17:32:21,057 - connectionpool.py - _make_request - DEBUG - https://hotfix.guan.yatonghui.com:443 "GET /api/sys/base/organization/getOrgSimple?code=MCGS HTTP/1.1" 200 None
2021-09-29 17:32:21,063 - connectionpool.py - _new_conn - DEBUG - Starting new HTTPS connection (1): hotfix.guan.yatonghui.com:443
2021-09-29 17:32:21,315 - connectionpool.py - _make_request - DEBUG - https://hotfix.guan.yatonghui.com:443 "GET /api/verification/code/1/13300000110 HTTP/1.1" 200 74
2021-09-29 17:32:21,325 - connectionpool.py - _new_conn - DEBUG - Starting new HTTPS connection (1): hotfix.guan.yatonghui.com:443
2021-09-29 17:32:21,603 - connectionpool.py - _make_request - DEBUG - https://hotfix.guan.yatonghui.com:443 "POST /api/login HTTP/1.1" 200 424
2021-09-29 17:32:21,630 - connectionpool.py - _new_conn - DEBUG - Starting new HTTPS connection (1): hotfix.guan.yatonghui.com:443
2021-09-29 17:32:21,834 - connectionpool.py - _make_request - DEBUG - https://hotfix.guan.yatonghui.com:443 "GET /api/sys/base/dict/group/list?type=2 HTTP/1.1" 200 None
2021-09-29 17:32:21,913 - connectionpool.py - _new_conn - DEBUG - Starting new HTTPS connection (1): hotfix.guan.yatonghui.com:443
2021-09-29 17:32:22,083 - connectionpool.py - _make_request - DEBUG - https://hotfix.guan.yatonghui.com:443 "GET /api/verification/code/1/13300000110 HTTP/1.1" 200 74
2021-09-29 17:32:22,089 - connectionpool.py - _new_conn - DEBUG - Starting new HTTPS connection (1): hotfix.guan.yatonghui.com:443
2021-09-29 17:32:22,379 - connectionpool.py - _make_request - DEBUG - https://hotfix.guan.yatonghui.com:443 "POST /api/login HTTP/1.1" 200 424
2021-09-29 17:32:22,411 - connectionpool.py - _new_conn - DEBUG - Starting new HTTPS connection (1): hotfix.guan.yatonghui.com:443
2021-09-29 17:32:22,845 - connectionpool.py - _make_request - DEBUG - https://hotfix.guan.yatonghui.com:443 "GET /api/sys/base/employee/profile?%7B%22orgId%22:%20%22%22%7D HTTP/1.1" 200 None
2021-09-29 17:32:22,867 - connectionpool.py - _new_conn - DEBUG - Starting new HTTPS connection (1): hotfix.guan.yatonghui.com:443
2021-09-29 17:32:23,051 - connectionpool.py - _make_request - DEBUG - https://hotfix.guan.yatonghui.com:443 "GET /api/biz/h5/in/project/my/select?%7B%22onlineStatus%22:%20%221%22%7D HTTP/1.1" 200 None
2021-09-29 17:32:23,073 - connectionpool.py - _new_conn - DEBUG - Starting new HTTPS connection (1): hotfix.guan.yatonghui.com:443
2021-09-29 17:32:23,262 - connectionpool.py - _make_request - DEBUG - https://hotfix.guan.yatonghui.com:443 "GET /api/biz/h5/guanyuan/listRight HTTP/1.1" 200 None
2021-09-29 17:32:23,273 - connectionpool.py - _new_conn - DEBUG - Starting new HTTPS connection (1): hotfix.guan.yatonghui.com:443
2021-09-29 17:32:23,519 - connectionpool.py - _make_request - DEBUG - https://hotfix.guan.yatonghui.com:443 "GET /api/verification/code/1/13300000110 HTTP/1.1" 200 74
2021-09-29 17:32:23,526 - connectionpool.py - _new_conn - DEBUG - Starting new HTTPS connection (1): hotfix.guan.yatonghui.com:443
2021-09-29 17:32:23,909 - connectionpool.py - _make_request - DEBUG - https://hotfix.guan.yatonghui.com:443 "POST /api/login HTTP/1.1" 200 424
2021-09-29 17:32:23,945 - connectionpool.py - _new_conn - DEBUG - Starting new HTTPS connection (1): hotfix.guan.yatonghui.com:443
2021-09-29 17:32:24,316 - connectionpool.py - _make_request - DEBUG - https://hotfix.guan.yatonghui.com:443 "GET /api/sys/base/employee/profile?%7B%22orgId%22:%20%22%22%7D HTTP/1.1" 200 None
2021-09-29 17:32:24,340 - connectionpool.py - _new_conn - DEBUG - Starting new HTTPS connection (1): hotfix.guan.yatonghui.com:443
2021-09-29 17:32:24,553 - connectionpool.py - _make_request - DEBUG - https://hotfix.guan.yatonghui.com:443 "GET /api/biz/h5/in/project/my/select?%7B%22onlineStatus%22:%20%221%22%7D HTTP/1.1" 200 None
2021-09-29 17:32:24,587 - connectionpool.py - _new_conn - DEBUG - Starting new HTTPS connection (1): hotfix.guan.yatonghui.com:443
