2021-09-29 14:48:58,926 - h5_out_case.py - setUpClass - DEBUG - 开始写入接口自动化测试用例
2021-09-29 14:48:58,937 - connectionpool.py - _new_conn - DEBUG - Starting new HTTPS connection (1): hotfix.guan.yatonghui.com:443
2021-09-29 14:48:59,252 - connectionpool.py - _make_request - DEBUG - https://hotfix.guan.yatonghui.com:443 "GET /api/verification/code/1/13300000110 HTTP/1.1" 200 74
2021-09-29 14:48:59,258 - connectionpool.py - _new_conn - DEBUG - Starting new HTTPS connection (1): hotfix.guan.yatonghui.com:443
2021-09-29 14:48:59,549 - connectionpool.py - _make_request - DEBUG - https://hotfix.guan.yatonghui.com:443 "POST /api/login HTTP/1.1" 200 424
2021-09-29 14:48:59,578 - connectionpool.py - _new_conn - DEBUG - Starting new HTTPS connection (1): hotfix.guan.yatonghui.com:443
2021-09-29 14:49:00,030 - connectionpool.py - _make_request - DEBUG - https://hotfix.guan.yatonghui.com:443 "GET /api/sys/base/employee/profile?%7B%22orgId%22:%20%22%22%7D HTTP/1.1" 200 None
2021-09-29 14:49:00,049 - connectionpool.py - _new_conn - DEBUG - Starting new HTTPS connection (1): hotfix.guan.yatonghui.com:443
2021-09-29 14:49:00,199 - connectionpool.py - _make_request - DEBUG - https://hotfix.guan.yatonghui.com:443 "GET /api/biz/h5/in/project/my/select?%7B%22onlineStatus%22:%20%221%22%7D HTTP/1.1" 200 None
2021-09-29 14:49:00,223 - connectionpool.py - _new_conn - DEBUG - Starting new HTTPS connection (1): hotfix.guan.yatonghui.com:443
2021-09-29 14:49:00,956 - connectionpool.py - _make_request - DEBUG - https://hotfix.guan.yatonghui.com:443 "GET /api/biz/portrait/business/queryFieldList?bussType=1&bussSence=1 HTTP/1.1" 200 None
2021-09-29 14:49:01,369 - connectionpool.py - _new_conn - DEBUG - Starting new HTTPS connection (1): hotfix.guan.yatonghui.com:443
2021-09-29 14:49:01,551 - connectionpool.py - _make_request - DEBUG - https://hotfix.guan.yatonghui.com:443 "GET /api/verification/code/1/13300000110 HTTP/1.1" 200 74
2021-09-29 14:49:01,557 - connectionpool.py - _new_conn - DEBUG - Starting new HTTPS connection (1): hotfix.guan.yatonghui.com:443
2021-09-29 14:49:01,836 - connectionpool.py - _make_request - DEBUG - https://hotfix.guan.yatonghui.com:443 "POST /api/login HTTP/1.1" 200 424
2021-09-29 14:49:01,876 - connectionpool.py - _new_conn - DEBUG - Starting new HTTPS connection (1): hotfix.guan.yatonghui.com:443
2021-09-29 14:49:02,328 - connectionpool.py - _make_request - DEBUG - https://hotfix.guan.yatonghui.com:443 "GET /api/sys/base/employee/profile?%7B%22orgId%22:%20%22%22%7D HTTP/1.1" 200 None
2021-09-29 14:49:02,358 - connectionpool.py - _new_conn - DEBUG - Starting new HTTPS connection (1): hotfix.guan.yatonghui.com:443
2021-09-29 14:49:02,539 - connectionpool.py - _make_request - DEBUG - https://hotfix.guan.yatonghui.com:443 "GET /api/biz/h5/in/project/my/select?%7B%22onlineStatus%22:%20%221%22%7D HTTP/1.1" 200 None
2021-09-29 14:49:02,564 - connectionpool.py - _new_conn - DEBUG - Starting new HTTPS connection (1): hotfix.guan.yatonghui.com:443
2021-09-29 14:49:02,745 - connectionpool.py - _make_request - DEBUG - https://hotfix.guan.yatonghui.com:443 "GET /api/biz/h5/out/customer/checkCustPhone?opt=add&custPhone=13211111112&custIntentId=&type=1 HTTP/1.1" 200 None
2021-09-29 14:49:02,802 - connectionpool.py - _new_conn - DEBUG - Starting new HTTPS connection (1): hotfix.guan.yatonghui.com:443
2021-09-29 14:49:02,970 - connectionpool.py - _make_request - DEBUG - https://hotfix.guan.yatonghui.com:443 "GET /api/verification/code/1/13300000110 HTTP/1.1" 200 74
2021-09-29 14:49:02,977 - connectionpool.py - _new_conn - DEBUG - Starting new HTTPS connection (1): hotfix.guan.yatonghui.com:443
2021-09-29 14:49:03,353 - connectionpool.py - _make_request - DEBUG - https://hotfix.guan.yatonghui.com:443 "POST /api/login HTTP/1.1" 200 424
2021-09-29 14:49:03,374 - connectionpool.py - _new_conn - DEBUG - Starting new HTTPS connection (1): hotfix.guan.yatonghui.com:443
2021-09-29 14:49:03,730 - connectionpool.py - _make_request - DEBUG - https://hotfix.guan.yatonghui.com:443 "GET /api/sys/base/employee/profile?%7B%22orgId%22:%20%22%22%7D HTTP/1.1" 200 None
2021-09-29 14:49:03,753 - connectionpool.py - _new_conn - DEBUG - Starting new HTTPS connection (1): hotfix.guan.yatonghui.com:443
2021-09-29 14:49:03,934 - connectionpool.py - _make_request - DEBUG - https://hotfix.guan.yatonghui.com:443 "GET /api/biz/h5/in/project/my/select?%7B%22onlineStatus%22:%20%221%22%7D HTTP/1.1" 200 None
2021-09-29 14:49:03,957 - connectionpool.py - _new_conn - DEBUG - Starting new HTTPS connection (1): hotfix.guan.yatonghui.com:443
2021-09-29 14:49:04,115 - connectionpool.py - _make_request - DEBUG - https://hotfix.guan.yatonghui.com:443 "GET /api/biz/h5/out/customer/checkCustPhone?opt=add&custPhone=13211111112&custIntentId=&type=1 HTTP/1.1" 200 None
