2021-09-29 16:46:53,122 - h5_out_case.py - setUpClass - DEBUG - 开始写入接口自动化测试用例
2021-09-29 16:46:53,129 - connectionpool.py - _new_conn - DEBUG - Starting new HTTPS connection (1): hotfix.guan.yatonghui.com:443
2021-09-29 16:46:53,282 - connectionpool.py - _make_request - DEBUG - https://hotfix.guan.yatonghui.com:443 "GET /api/sys/base/organization/getOrgSimple?code=MCGS HTTP/1.1" 200 None
2021-09-29 16:46:53,288 - connectionpool.py - _new_conn - DEBUG - Starting new HTTPS connection (1): hotfix.guan.yatonghui.com:443
2021-09-29 16:46:53,436 - connectionpool.py - _make_request - DEBUG - https://hotfix.guan.yatonghui.com:443 "GET /api/verification/code/1/13300000110 HTTP/1.1" 200 74
2021-09-29 16:46:53,450 - connectionpool.py - _new_conn - DEBUG - Starting new HTTPS connection (1): hotfix.guan.yatonghui.com:443
2021-09-29 16:46:53,708 - connectionpool.py - _make_request - DEBUG - https://hotfix.guan.yatonghui.com:443 "POST /api/login HTTP/1.1" 200 424
2021-09-29 16:46:53,738 - connectionpool.py - _new_conn - DEBUG - Starting new HTTPS connection (1): hotfix.guan.yatonghui.com:443
2021-09-29 16:46:54,244 - connectionpool.py - _make_request - DEBUG - https://hotfix.guan.yatonghui.com:443 "GET /api/sys/base/dict/group/list?type=2 HTTP/1.1" 200 None
2021-09-29 16:46:54,351 - connectionpool.py - _new_conn - DEBUG - Starting new HTTPS connection (1): hotfix.guan.yatonghui.com:443
2021-09-29 16:46:54,511 - connectionpool.py - _make_request - DEBUG - https://hotfix.guan.yatonghui.com:443 "GET /api/verification/code/1/13300000110 HTTP/1.1" 200 74
2021-09-29 16:46:54,521 - connectionpool.py - _new_conn - DEBUG - Starting new HTTPS connection (1): hotfix.guan.yatonghui.com:443
2021-09-29 16:46:54,795 - connectionpool.py - _make_request - DEBUG - https://hotfix.guan.yatonghui.com:443 "POST /api/login HTTP/1.1" 200 424
2021-09-29 16:46:54,832 - connectionpool.py - _new_conn - DEBUG - Starting new HTTPS connection (1): hotfix.guan.yatonghui.com:443
2021-09-29 16:46:55,269 - connectionpool.py - _make_request - DEBUG - https://hotfix.guan.yatonghui.com:443 "GET /api/sys/base/employee/profile?%7B%22orgId%22:%20%22%22%7D HTTP/1.1" 200 None
2021-09-29 16:46:55,296 - connectionpool.py - _new_conn - DEBUG - Starting new HTTPS connection (1): hotfix.guan.yatonghui.com:443
2021-09-29 16:46:55,462 - connectionpool.py - _make_request - DEBUG - https://hotfix.guan.yatonghui.com:443 "GET /api/biz/h5/in/project/my/select?%7B%22onlineStatus%22:%20%221%22%7D HTTP/1.1" 200 None
2021-09-29 16:46:55,483 - connectionpool.py - _new_conn - DEBUG - Starting new HTTPS connection (1): hotfix.guan.yatonghui.com:443
2021-09-29 16:46:55,623 - connectionpool.py - _make_request - DEBUG - https://hotfix.guan.yatonghui.com:443 "GET /api/biz/h5/guanyuan/listRight HTTP/1.1" 200 None
2021-09-29 16:46:55,631 - connectionpool.py - _new_conn - DEBUG - Starting new HTTPS connection (1): hotfix.guan.yatonghui.com:443
2021-09-29 16:46:55,792 - connectionpool.py - _make_request - DEBUG - https://hotfix.guan.yatonghui.com:443 "GET /api/verification/code/1/13300000110 HTTP/1.1" 200 74
2021-09-29 16:46:55,804 - connectionpool.py - _new_conn - DEBUG - Starting new HTTPS connection (1): hotfix.guan.yatonghui.com:443
2021-09-29 16:46:56,049 - connectionpool.py - _make_request - DEBUG - https://hotfix.guan.yatonghui.com:443 "POST /api/login HTTP/1.1" 200 424
2021-09-29 16:46:56,068 - connectionpool.py - _new_conn - DEBUG - Starting new HTTPS connection (1): hotfix.guan.yatonghui.com:443
2021-09-29 16:46:56,461 - connectionpool.py - _make_request - DEBUG - https://hotfix.guan.yatonghui.com:443 "GET /api/sys/base/employee/profile?%7B%22orgId%22:%20%22%22%7D HTTP/1.1" 200 None
2021-09-29 16:46:56,493 - connectionpool.py - _new_conn - DEBUG - Starting new HTTPS connection (1): hotfix.guan.yatonghui.com:443
2021-09-29 16:46:56,642 - connectionpool.py - _make_request - DEBUG - https://hotfix.guan.yatonghui.com:443 "GET /api/biz/h5/in/project/my/select?%7B%22onlineStatus%22:%20%221%22%7D HTTP/1.1" 200 None
2021-09-29 16:46:56,659 - connectionpool.py - _new_conn - DEBUG - Starting new HTTPS connection (1): hotfix.guan.yatonghui.com:443
2021-09-29 16:46:57,129 - connectionpool.py - _make_request - DEBUG - https://hotfix.guan.yatonghui.com:443 "GET /api/sys/base/employee/profile?orgId= HTTP/1.1" 200 None
2021-09-29 16:46:57,138 - connectionpool.py - _new_conn - DEBUG - Starting new HTTPS connection (1): hotfix.guan.yatonghui.com:443
2021-09-29 16:46:57,289 - connectionpool.py - _make_request - DEBUG - https://hotfix.guan.yatonghui.com:443 "GET /api/verification/code/1/13300000110 HTTP/1.1" 200 74
2021-09-29 16:46:57,295 - connectionpool.py - _new_conn - DEBUG - Starting new HTTPS connection (1): hotfix.guan.yatonghui.com:443
2021-09-29 16:46:57,602 - connectionpool.py - _make_request - DEBUG - https://hotfix.guan.yatonghui.com:443 "POST /api/login HTTP/1.1" 200 424
2021-09-29 16:46:57,625 - connectionpool.py - _new_conn - DEBUG - Starting new HTTPS connection (1): hotfix.guan.yatonghui.com:443
2021-09-29 16:46:57,990 - connectionpool.py - _make_request - DEBUG - https://hotfix.guan.yatonghui.com:443 "GET /api/sys/base/employee/profile?%7B%22orgId%22:%20%22%22%7D HTTP/1.1" 200 None
2021-09-29 16:46:58,013 - connectionpool.py - _new_conn - DEBUG - Starting new HTTPS connection (1): hotfix.guan.yatonghui.com:443
2021-09-29 16:46:58,172 - connectionpool.py - _make_request - DEBUG - https://hotfix.guan.yatonghui.com:443 "GET /api/biz/h5/in/project/my/select?%7B%22onlineStatus%22:%20%221%22%7D HTTP/1.1" 200 None
2021-09-29 16:46:58,199 - connectionpool.py - _new_conn - DEBUG - Starting new HTTPS connection (1): hotfix.guan.yatonghui.com:443
2021-09-29 16:46:58,394 - connectionpool.py - _make_request - DEBUG - https://hotfix.guan.yatonghui.com:443 "GET /api/biz/h5/in/project/my/select?onlineStatus=1 HTTP/1.1" 200 None
2021-09-29 16:46:58,401 - connectionpool.py - _new_conn - DEBUG - Starting new HTTPS connection (1): hotfix.guan.yatonghui.com:443
2021-09-29 16:46:58,559 - connectionpool.py - _make_request - DEBUG - https://hotfix.guan.yatonghui.com:443 "GET /api/verification/code/1/13300000110 HTTP/1.1" 200 74
2021-09-29 16:46:58,564 - connectionpool.py - _new_conn - DEBUG - Starting new HTTPS connection (1): hotfix.guan.yatonghui.com:443
2021-09-29 16:46:58,809 - connectionpool.py - _make_request - DEBUG - https://hotfix.guan.yatonghui.com:443 "POST /api/login HTTP/1.1" 200 424
2021-09-29 16:46:58,828 - connectionpool.py - _new_conn - DEBUG - Starting new HTTPS connection (1): hotfix.guan.yatonghui.com:443
2021-09-29 16:46:59,177 - connectionpool.py - _make_request - DEBUG - https://hotfix.guan.yatonghui.com:443 "GET /api/sys/base/employee/profile?%7B%22orgId%22:%20%22%22%7D HTTP/1.1" 200 None
2021-09-29 16:46:59,209 - connectionpool.py - _new_conn - DEBUG - Starting new HTTPS connection (1): hotfix.guan.yatonghui.com:443
2021-09-29 16:46:59,349 - connectionpool.py - _make_request - DEBUG - https://hotfix.guan.yatonghui.com:443 "GET /api/biz/h5/in/project/my/select?%7B%22onlineStatus%22:%20%221%22%7D HTTP/1.1" 200 None
2021-09-29 16:46:59,376 - connectionpool.py - _new_conn - DEBUG - Starting new HTTPS connection (1): hotfix.guan.yatonghui.com:443
2021-09-29 16:46:59,496 - connectionpool.py - _make_request - DEBUG - https://hotfix.guan.yatonghui.com:443 "GET /api/biz/h5/message/getImAboutB HTTP/1.1" 200 None
2021-09-29 16:46:59,504 - connectionpool.py - _new_conn - DEBUG - Starting new HTTPS connection (1): hotfix.guan.yatonghui.com:443
2021-09-29 16:46:59,648 - connectionpool.py - _make_request - DEBUG - https://hotfix.guan.yatonghui.com:443 "GET /api/verification/code/1/13300000110 HTTP/1.1" 200 74
2021-09-29 16:46:59,656 - connectionpool.py - _new_conn - DEBUG - Starting new HTTPS connection (1): hotfix.guan.yatonghui.com:443
2021-09-29 16:46:59,913 - connectionpool.py - _make_request - DEBUG - https://hotfix.guan.yatonghui.com:443 "POST /api/login HTTP/1.1" 200 424
2021-09-29 16:46:59,938 - connectionpool.py - _new_conn - DEBUG - Starting new HTTPS connection (1): hotfix.guan.yatonghui.com:443
2021-09-29 16:47:00,292 - connectionpool.py - _make_request - DEBUG - https://hotfix.guan.yatonghui.com:443 "GET /api/sys/base/employee/profile?%7B%22orgId%22:%20%22%22%7D HTTP/1.1" 200 None
2021-09-29 16:47:00,318 - connectionpool.py - _new_conn - DEBUG - Starting new HTTPS connection (1): hotfix.guan.yatonghui.com:443
2021-09-29 16:47:00,467 - connectionpool.py - _make_request - DEBUG - https://hotfix.guan.yatonghui.com:443 "GET /api/biz/h5/in/project/my/select?%7B%22onlineStatus%22:%20%221%22%7D HTTP/1.1" 200 None
2021-09-29 16:47:00,486 - connectionpool.py - _new_conn - DEBUG - Starting new HTTPS connection (1): hotfix.guan.yatonghui.com:443
2021-09-29 16:47:00,990 - connectionpool.py - _make_request - DEBUG - https://hotfix.guan.yatonghui.com:443 "GET /api/biz/h5/out/project/all/channel/list HTTP/1.1" 200 None
2021-09-29 16:47:00,997 - connectionpool.py - _new_conn - DEBUG - Starting new HTTPS connection (1): hotfix.guan.yatonghui.com:443
2021-09-29 16:47:01,128 - connectionpool.py - _make_request - DEBUG - https://hotfix.guan.yatonghui.com:443 "GET /api/verification/code/1/13300000110 HTTP/1.1" 200 74
2021-09-29 16:47:01,133 - connectionpool.py - _new_conn - DEBUG - Starting new HTTPS connection (1): hotfix.guan.yatonghui.com:443
2021-09-29 16:47:01,402 - connectionpool.py - _make_request - DEBUG - https://hotfix.guan.yatonghui.com:443 "POST /api/login HTTP/1.1" 200 424
2021-09-29 16:47:01,433 - connectionpool.py - _new_conn - DEBUG - Starting new HTTPS connection (1): hotfix.guan.yatonghui.com:443
2021-09-29 16:47:01,765 - connectionpool.py - _make_request - DEBUG - https://hotfix.guan.yatonghui.com:443 "GET /api/sys/base/employee/profile?%7B%22orgId%22:%20%22%22%7D HTTP/1.1" 200 None
2021-09-29 16:47:01,784 - connectionpool.py - _new_conn - DEBUG - Starting new HTTPS connection (1): hotfix.guan.yatonghui.com:443
2021-09-29 16:47:01,923 - connectionpool.py - _make_request - DEBUG - https://hotfix.guan.yatonghui.com:443 "GET /api/biz/h5/in/project/my/select?%7B%22onlineStatus%22:%20%221%22%7D HTTP/1.1" 200 None
2021-09-29 16:47:01,945 - connectionpool.py - _new_conn - DEBUG - Starting new HTTPS connection (1): hotfix.guan.yatonghui.com:443
2021-09-29 16:47:02,070 - connectionpool.py - _make_request - DEBUG - https://hotfix.guan.yatonghui.com:443 "GET /api/biz/common/params HTTP/1.1" 200 None
2021-09-29 16:47:02,079 - connectionpool.py - _new_conn - DEBUG - Starting new HTTPS connection (1): hotfix.guan.yatonghui.com:443
2021-09-29 16:47:02,266 - connectionpool.py - _make_request - DEBUG - https://hotfix.guan.yatonghui.com:443 "GET /api/verification/code/1/13300000110 HTTP/1.1" 200 74
2021-09-29 16:47:02,276 - connectionpool.py - _new_conn - DEBUG - Starting new HTTPS connection (1): hotfix.guan.yatonghui.com:443
2021-09-29 16:47:02,519 - connectionpool.py - _make_request - DEBUG - https://hotfix.guan.yatonghui.com:443 "POST /api/login HTTP/1.1" 200 424
2021-09-29 16:47:02,540 - connectionpool.py - _new_conn - DEBUG - Starting new HTTPS connection (1): hotfix.guan.yatonghui.com:443
2021-09-29 16:47:02,889 - connectionpool.py - _make_request - DEBUG - https://hotfix.guan.yatonghui.com:443 "GET /api/sys/base/employee/profile?%7B%22orgId%22:%20%22%22%7D HTTP/1.1" 200 None
2021-09-29 16:47:02,914 - connectionpool.py - _new_conn - DEBUG - Starting new HTTPS connection (1): hotfix.guan.yatonghui.com:443
2021-09-29 16:47:03,048 - connectionpool.py - _make_request - DEBUG - https://hotfix.guan.yatonghui.com:443 "GET /api/biz/h5/in/project/my/select?%7B%22onlineStatus%22:%20%221%22%7D HTTP/1.1" 200 None
2021-09-29 16:47:03,066 - connectionpool.py - _new_conn - DEBUG - Starting new HTTPS connection (1): hotfix.guan.yatonghui.com:443
2021-09-29 16:47:03,186 - connectionpool.py - _make_request - DEBUG - https://hotfix.guan.yatonghui.com:443 "GET /api/biz/pc/plan/popu/getPopu HTTP/1.1" 200 None
2021-09-29 16:47:03,197 - connectionpool.py - _new_conn - DEBUG - Starting new HTTPS connection (1): hotfix.guan.yatonghui.com:443
2021-09-29 16:47:03,340 - connectionpool.py - _make_request - DEBUG - https://hotfix.guan.yatonghui.com:443 "GET /api/verification/code/1/13300000110 HTTP/1.1" 200 74
2021-09-29 16:47:03,350 - connectionpool.py - _new_conn - DEBUG - Starting new HTTPS connection (1): hotfix.guan.yatonghui.com:443
2021-09-29 16:47:03,645 - connectionpool.py - _make_request - DEBUG - https://hotfix.guan.yatonghui.com:443 "POST /api/login HTTP/1.1" 200 424
2021-09-29 16:47:03,663 - connectionpool.py - _new_conn - DEBUG - Starting new HTTPS connection (1): hotfix.guan.yatonghui.com:443
2021-09-29 16:47:04,018 - connectionpool.py - _make_request - DEBUG - https://hotfix.guan.yatonghui.com:443 "GET /api/sys/base/employee/profile?%7B%22orgId%22:%20%22%22%7D HTTP/1.1" 200 None
2021-09-29 16:47:04,044 - connectionpool.py - _new_conn - DEBUG - Starting new HTTPS connection (1): hotfix.guan.yatonghui.com:443
2021-09-29 16:47:04,177 - connectionpool.py - _make_request - DEBUG - https://hotfix.guan.yatonghui.com:443 "GET /api/biz/h5/in/project/my/select?%7B%22onlineStatus%22:%20%221%22%7D HTTP/1.1" 200 None
2021-09-29 16:47:04,213 - connectionpool.py - _new_conn - DEBUG - Starting new HTTPS connection (1): hotfix.guan.yatonghui.com:443
2021-09-29 16:47:04,371 - connectionpool.py - _make_request - DEBUG - https://hotfix.guan.yatonghui.com:443 "GET /api/biz/h5/message/carouselMessage HTTP/1.1" 200 None
2021-09-29 16:47:04,381 - connectionpool.py - _new_conn - DEBUG - Starting new HTTPS connection (1): hotfix.guan.yatonghui.com:443
2021-09-29 16:47:04,545 - connectionpool.py - _make_request - DEBUG - https://hotfix.guan.yatonghui.com:443 "GET /api/verification/code/1/13300000110 HTTP/1.1" 200 74
2021-09-29 16:47:04,550 - connectionpool.py - _new_conn - DEBUG - Starting new HTTPS connection (1): hotfix.guan.yatonghui.com:443
2021-09-29 16:47:04,803 - connectionpool.py - _make_request - DEBUG - https://hotfix.guan.yatonghui.com:443 "POST /api/login HTTP/1.1" 200 424
2021-09-29 16:47:04,825 - connectionpool.py - _new_conn - DEBUG - Starting new HTTPS connection (1): hotfix.guan.yatonghui.com:443
2021-09-29 16:47:05,183 - connectionpool.py - _make_request - DEBUG - https://hotfix.guan.yatonghui.com:443 "GET /api/sys/base/employee/profile?%7B%22orgId%22:%20%22%22%7D HTTP/1.1" 200 None
2021-09-29 16:47:05,224 - connectionpool.py - _new_conn - DEBUG - Starting new HTTPS connection (1): hotfix.guan.yatonghui.com:443
2021-09-29 16:47:05,390 - connectionpool.py - _make_request - DEBUG - https://hotfix.guan.yatonghui.com:443 "GET /api/biz/h5/in/project/my/select?%7B%22onlineStatus%22:%20%221%22%7D HTTP/1.1" 200 None
2021-09-29 16:47:05,412 - connectionpool.py - _new_conn - DEBUG - Starting new HTTPS connection (1): hotfix.guan.yatonghui.com:443
2021-09-29 16:47:05,690 - connectionpool.py - _make_request - DEBUG - https://hotfix.guan.yatonghui.com:443 "GET /api/biz/pc/plan/poster/getPersonalQrCode?inOrOut=outsale HTTP/1.1" 200 None
2021-09-29 16:47:05,702 - connectionpool.py - _new_conn - DEBUG - Starting new HTTPS connection (1): hotfix.guan.yatonghui.com:443
2021-09-29 16:47:05,897 - connectionpool.py - _make_request - DEBUG - https://hotfix.guan.yatonghui.com:443 "GET /api/verification/code/1/13300000110 HTTP/1.1" 200 74
2021-09-29 16:47:05,909 - connectionpool.py - _new_conn - DEBUG - Starting new HTTPS connection (1): hotfix.guan.yatonghui.com:443
2021-09-29 16:47:06,206 - connectionpool.py - _make_request - DEBUG - https://hotfix.guan.yatonghui.com:443 "POST /api/login HTTP/1.1" 200 424
2021-09-29 16:47:06,231 - connectionpool.py - _new_conn - DEBUG - Starting new HTTPS connection (1): hotfix.guan.yatonghui.com:443
2021-09-29 16:47:06,588 - connectionpool.py - _make_request - DEBUG - https://hotfix.guan.yatonghui.com:443 "GET /api/sys/base/employee/profile?%7B%22orgId%22:%20%22%22%7D HTTP/1.1" 200 None
2021-09-29 16:47:06,617 - connectionpool.py - _new_conn - DEBUG - Starting new HTTPS connection (1): hotfix.guan.yatonghui.com:443
2021-09-29 16:47:06,796 - connectionpool.py - _make_request - DEBUG - https://hotfix.guan.yatonghui.com:443 "GET /api/biz/h5/in/project/my/select?%7B%22onlineStatus%22:%20%221%22%7D HTTP/1.1" 200 None
2021-09-29 16:47:06,814 - connectionpool.py - _new_conn - DEBUG - Starting new HTTPS connection (1): hotfix.guan.yatonghui.com:443
2021-09-29 16:47:07,023 - connectionpool.py - _make_request - DEBUG - https://hotfix.guan.yatonghui.com:443 "GET /api/biz/h5/message/myMessageCount HTTP/1.1" 200 None
2021-09-29 16:47:07,035 - connectionpool.py - _new_conn - DEBUG - Starting new HTTPS connection (1): hotfix.guan.yatonghui.com:443
2021-09-29 16:47:07,198 - connectionpool.py - _make_request - DEBUG - https://hotfix.guan.yatonghui.com:443 "GET /api/verification/code/1/13300000110 HTTP/1.1" 200 74
2021-09-29 16:47:07,207 - connectionpool.py - _new_conn - DEBUG - Starting new HTTPS connection (1): hotfix.guan.yatonghui.com:443
2021-09-29 16:47:07,480 - connectionpool.py - _make_request - DEBUG - https://hotfix.guan.yatonghui.com:443 "POST /api/login HTTP/1.1" 200 424
2021-09-29 16:47:07,502 - connectionpool.py - _new_conn - DEBUG - Starting new HTTPS connection (1): hotfix.guan.yatonghui.com:443
2021-09-29 16:47:07,863 - connectionpool.py - _make_request - DEBUG - https://hotfix.guan.yatonghui.com:443 "GET /api/sys/base/employee/profile?%7B%22orgId%22:%20%22%22%7D HTTP/1.1" 200 None
2021-09-29 16:47:07,886 - connectionpool.py - _new_conn - DEBUG - Starting new HTTPS connection (1): hotfix.guan.yatonghui.com:443
2021-09-29 16:47:08,031 - connectionpool.py - _make_request - DEBUG - https://hotfix.guan.yatonghui.com:443 "GET /api/biz/h5/in/project/my/select?%7B%22onlineStatus%22:%20%221%22%7D HTTP/1.1" 200 None
2021-09-29 16:47:08,054 - connectionpool.py - _new_conn - DEBUG - Starting new HTTPS connection (1): hotfix.guan.yatonghui.com:443
2021-09-29 16:47:08,199 - connectionpool.py - _make_request - DEBUG - https://hotfix.guan.yatonghui.com:443 "GET /api/biz/h5/out/customer/getShareCustDept HTTP/1.1" 200 None
2021-09-29 16:47:08,211 - connectionpool.py - _new_conn - DEBUG - Starting new HTTPS connection (1): hotfix.guan.yatonghui.com:443
2021-09-29 16:47:08,380 - connectionpool.py - _make_request - DEBUG - https://hotfix.guan.yatonghui.com:443 "GET /api/verification/code/1/13300000110 HTTP/1.1" 200 74
2021-09-29 16:47:08,388 - connectionpool.py - _new_conn - DEBUG - Starting new HTTPS connection (1): hotfix.guan.yatonghui.com:443
2021-09-29 16:47:08,637 - connectionpool.py - _make_request - DEBUG - https://hotfix.guan.yatonghui.com:443 "POST /api/login HTTP/1.1" 200 424
2021-09-29 16:47:08,657 - connectionpool.py - _new_conn - DEBUG - Starting new HTTPS connection (1): hotfix.guan.yatonghui.com:443
2021-09-29 16:47:09,026 - connectionpool.py - _make_request - DEBUG - https://hotfix.guan.yatonghui.com:443 "GET /api/sys/base/employee/profile?%7B%22orgId%22:%20%22%22%7D HTTP/1.1" 200 None
2021-09-29 16:47:09,051 - connectionpool.py - _new_conn - DEBUG - Starting new HTTPS connection (1): hotfix.guan.yatonghui.com:443
2021-09-29 16:47:09,201 - connectionpool.py - _make_request - DEBUG - https://hotfix.guan.yatonghui.com:443 "GET /api/biz/h5/in/project/my/select?%7B%22onlineStatus%22:%20%221%22%7D HTTP/1.1" 200 None
2021-09-29 16:47:09,229 - connectionpool.py - _new_conn - DEBUG - Starting new HTTPS connection (1): hotfix.guan.yatonghui.com:443
2021-09-29 16:47:09,376 - connectionpool.py - _make_request - DEBUG - https://hotfix.guan.yatonghui.com:443 "GET /api/biz/h5/out/customer/getShareCustDept HTTP/1.1" 200 None
2021-09-29 16:47:09,382 - connectionpool.py - _new_conn - DEBUG - Starting new HTTPS connection (1): hotfix.guan.yatonghui.com:443
2021-09-29 16:47:09,508 - connectionpool.py - _make_request - DEBUG - https://hotfix.guan.yatonghui.com:443 "GET /api/verification/code/1/13300000110 HTTP/1.1" 200 74
2021-09-29 16:47:09,518 - connectionpool.py - _new_conn - DEBUG - Starting new HTTPS connection (1): hotfix.guan.yatonghui.com:443
2021-09-29 16:47:09,771 - connectionpool.py - _make_request - DEBUG - https://hotfix.guan.yatonghui.com:443 "POST /api/login HTTP/1.1" 200 424
2021-09-29 16:47:09,793 - connectionpool.py - _new_conn - DEBUG - Starting new HTTPS connection (1): hotfix.guan.yatonghui.com:443
2021-09-29 16:47:10,136 - connectionpool.py - _make_request - DEBUG - https://hotfix.guan.yatonghui.com:443 "GET /api/sys/base/employee/profile?%7B%22orgId%22:%20%22%22%7D HTTP/1.1" 200 None
2021-09-29 16:47:10,155 - connectionpool.py - _new_conn - DEBUG - Starting new HTTPS connection (1): hotfix.guan.yatonghui.com:443
2021-09-29 16:47:10,288 - connectionpool.py - _make_request - DEBUG - https://hotfix.guan.yatonghui.com:443 "GET /api/biz/h5/in/project/my/select?%7B%22onlineStatus%22:%20%221%22%7D HTTP/1.1" 200 None
2021-09-29 16:47:10,311 - connectionpool.py - _new_conn - DEBUG - Starting new HTTPS connection (1): hotfix.guan.yatonghui.com:443
2021-09-29 16:47:10,565 - connectionpool.py - _make_request - DEBUG - https://hotfix.guan.yatonghui.com:443 "GET /api/biz/h5/out/customer/custList?codShare=3&menuType=2&timeType=DAT_CREATE&pageNo=1&pageSize=10 HTTP/1.1" 200 None
2021-09-29 16:47:10,582 - connectionpool.py - _new_conn - DEBUG - Starting new HTTPS connection (1): hotfix.guan.yatonghui.com:443
2021-09-29 16:47:10,840 - connectionpool.py - _make_request - DEBUG - https://hotfix.guan.yatonghui.com:443 "GET /api/verification/code/1/13300000110 HTTP/1.1" 200 74
2021-09-29 16:47:10,854 - connectionpool.py - _new_conn - DEBUG - Starting new HTTPS connection (1): hotfix.guan.yatonghui.com:443
2021-09-29 16:47:11,153 - connectionpool.py - _make_request - DEBUG - https://hotfix.guan.yatonghui.com:443 "POST /api/login HTTP/1.1" 200 424
2021-09-29 16:47:11,203 - connectionpool.py - _new_conn - DEBUG - Starting new HTTPS connection (1): hotfix.guan.yatonghui.com:443
2021-09-29 16:47:11,581 - connectionpool.py - _make_request - DEBUG - https://hotfix.guan.yatonghui.com:443 "GET /api/sys/base/employee/profile?%7B%22orgId%22:%20%22%22%7D HTTP/1.1" 200 None
2021-09-29 16:47:11,610 - connectionpool.py - _new_conn - DEBUG - Starting new HTTPS connection (1): hotfix.guan.yatonghui.com:443
2021-09-29 16:47:11,784 - connectionpool.py - _make_request - DEBUG - https://hotfix.guan.yatonghui.com:443 "GET /api/biz/h5/in/project/my/select?%7B%22onlineStatus%22:%20%221%22%7D HTTP/1.1" 200 None
2021-09-29 16:47:11,817 - connectionpool.py - _new_conn - DEBUG - Starting new HTTPS connection (1): hotfix.guan.yatonghui.com:443
2021-09-29 16:47:11,978 - connectionpool.py - _make_request - DEBUG - https://hotfix.guan.yatonghui.com:443 "GET /api/biz/h5/out/customer/custList?codShare=3&menuType=1&timeType=DAT_CREATE&datatype=2&pageNo=1&pageSize=10 HTTP/1.1" 200 None
2021-09-29 16:47:11,986 - connectionpool.py - _new_conn - DEBUG - Starting new HTTPS connection (1): hotfix.guan.yatonghui.com:443
2021-09-29 16:47:12,140 - connectionpool.py - _make_request - DEBUG - https://hotfix.guan.yatonghui.com:443 "GET /api/verification/code/1/13300000110 HTTP/1.1" 200 74
2021-09-29 16:47:12,149 - connectionpool.py - _new_conn - DEBUG - Starting new HTTPS connection (1): hotfix.guan.yatonghui.com:443
2021-09-29 16:47:12,415 - connectionpool.py - _make_request - DEBUG - https://hotfix.guan.yatonghui.com:443 "POST /api/login HTTP/1.1" 200 424
2021-09-29 16:47:12,447 - connectionpool.py - _new_conn - DEBUG - Starting new HTTPS connection (1): hotfix.guan.yatonghui.com:443
2021-09-29 16:47:12,782 - connectionpool.py - _make_request - DEBUG - https://hotfix.guan.yatonghui.com:443 "GET /api/sys/base/employee/profile?%7B%22orgId%22:%20%22%22%7D HTTP/1.1" 200 None
2021-09-29 16:47:12,806 - connectionpool.py - _new_conn - DEBUG - Starting new HTTPS connection (1): hotfix.guan.yatonghui.com:443
2021-09-29 16:47:12,969 - connectionpool.py - _make_request - DEBUG - https://hotfix.guan.yatonghui.com:443 "GET /api/biz/h5/in/project/my/select?%7B%22onlineStatus%22:%20%221%22%7D HTTP/1.1" 200 None
2021-09-29 16:47:13,002 - connectionpool.py - _new_conn - DEBUG - Starting new HTTPS connection (1): hotfix.guan.yatonghui.com:443
2021-09-29 16:47:13,153 - connectionpool.py - _make_request - DEBUG - https://hotfix.guan.yatonghui.com:443 "GET /api/biz/h5/out/customer/public/list?codShare=3&timeType=DAT_CREATE&pageNo=1&pageSize=10 HTTP/1.1" 200 None
2021-09-29 16:47:13,160 - connectionpool.py - _new_conn - DEBUG - Starting new HTTPS connection (1): hotfix.guan.yatonghui.com:443
2021-09-29 16:47:13,323 - connectionpool.py - _make_request - DEBUG - https://hotfix.guan.yatonghui.com:443 "GET /api/verification/code/1/13300000110 HTTP/1.1" 200 74
2021-09-29 16:47:13,329 - connectionpool.py - _new_conn - DEBUG - Starting new HTTPS connection (1): hotfix.guan.yatonghui.com:443
2021-09-29 16:47:13,581 - connectionpool.py - _make_request - DEBUG - https://hotfix.guan.yatonghui.com:443 "POST /api/login HTTP/1.1" 200 424
2021-09-29 16:47:13,602 - connectionpool.py - _new_conn - DEBUG - Starting new HTTPS connection (1): hotfix.guan.yatonghui.com:443
2021-09-29 16:47:13,987 - connectionpool.py - _make_request - DEBUG - https://hotfix.guan.yatonghui.com:443 "GET /api/sys/base/employee/profile?%7B%22orgId%22:%20%22%22%7D HTTP/1.1" 200 None
2021-09-29 16:47:14,013 - connectionpool.py - _new_conn - DEBUG - Starting new HTTPS connection (1): hotfix.guan.yatonghui.com:443
2021-09-29 16:47:14,199 - connectionpool.py - _make_request - DEBUG - https://hotfix.guan.yatonghui.com:443 "GET /api/biz/h5/in/project/my/select?%7B%22onlineStatus%22:%20%221%22%7D HTTP/1.1" 200 None
2021-09-29 16:47:14,229 - connectionpool.py - _new_conn - DEBUG - Starting new HTTPS connection (1): hotfix.guan.yatonghui.com:443
2021-09-29 16:47:14,331 - connectionpool.py - _make_request - DEBUG - https://hotfix.guan.yatonghui.com:443 "GET /api/biz/h5/online/in/putrecord/synchronizationPermission HTTP/1.1" 200 None
2021-09-29 16:47:14,338 - connectionpool.py - _new_conn - DEBUG - Starting new HTTPS connection (1): hotfix.guan.yatonghui.com:443
2021-09-29 16:47:14,502 - connectionpool.py - _make_request - DEBUG - https://hotfix.guan.yatonghui.com:443 "GET /api/verification/code/1/13300000110 HTTP/1.1" 200 74
2021-09-29 16:47:14,513 - connectionpool.py - _new_conn - DEBUG - Starting new HTTPS connection (1): hotfix.guan.yatonghui.com:443
2021-09-29 16:47:14,769 - connectionpool.py - _make_request - DEBUG - https://hotfix.guan.yatonghui.com:443 "POST /api/login HTTP/1.1" 200 424
2021-09-29 16:47:14,811 - connectionpool.py - _new_conn - DEBUG - Starting new HTTPS connection (1): hotfix.guan.yatonghui.com:443
2021-09-29 16:47:15,182 - connectionpool.py - _make_request - DEBUG - https://hotfix.guan.yatonghui.com:443 "GET /api/sys/base/employee/profile?%7B%22orgId%22:%20%22%22%7D HTTP/1.1" 200 None
2021-09-29 16:47:15,231 - connectionpool.py - _new_conn - DEBUG - Starting new HTTPS connection (1): hotfix.guan.yatonghui.com:443
2021-09-29 16:47:15,408 - connectionpool.py - _make_request - DEBUG - https://hotfix.guan.yatonghui.com:443 "GET /api/biz/h5/in/project/my/select?%7B%22onlineStatus%22:%20%221%22%7D HTTP/1.1" 200 None
2021-09-29 16:47:15,439 - connectionpool.py - _new_conn - DEBUG - Starting new HTTPS connection (1): hotfix.guan.yatonghui.com:443
2021-09-29 16:47:15,583 - connectionpool.py - _make_request - DEBUG - https://hotfix.guan.yatonghui.com:443 "GET /api/biz/h5/out/customer/custList?codShare=3&menuType=1&timeType=DAT_CREATE&keyword=144&pageNo=1&pageSize=10 HTTP/1.1" 200 None
2021-09-29 16:47:15,594 - connectionpool.py - _new_conn - DEBUG - Starting new HTTPS connection (1): hotfix.guan.yatonghui.com:443
2021-09-29 16:47:15,738 - connectionpool.py - _make_request - DEBUG - https://hotfix.guan.yatonghui.com:443 "GET /api/verification/code/1/13300000110 HTTP/1.1" 200 74
2021-09-29 16:47:15,752 - connectionpool.py - _new_conn - DEBUG - Starting new HTTPS connection (1): hotfix.guan.yatonghui.com:443
2021-09-29 16:47:16,000 - connectionpool.py - _make_request - DEBUG - https://hotfix.guan.yatonghui.com:443 "POST /api/login HTTP/1.1" 200 424
2021-09-29 16:47:16,020 - connectionpool.py - _new_conn - DEBUG - Starting new HTTPS connection (1): hotfix.guan.yatonghui.com:443
2021-09-29 16:47:16,369 - connectionpool.py - _make_request - DEBUG - https://hotfix.guan.yatonghui.com:443 "GET /api/sys/base/employee/profile?%7B%22orgId%22:%20%22%22%7D HTTP/1.1" 200 None
2021-09-29 16:47:16,389 - connectionpool.py - _new_conn - DEBUG - Starting new HTTPS connection (1): hotfix.guan.yatonghui.com:443
2021-09-29 16:47:16,538 - connectionpool.py - _make_request - DEBUG - https://hotfix.guan.yatonghui.com:443 "GET /api/biz/h5/in/project/my/select?%7B%22onlineStatus%22:%20%221%22%7D HTTP/1.1" 200 None
2021-09-29 16:47:16,567 - connectionpool.py - _new_conn - DEBUG - Starting new HTTPS connection (1): hotfix.guan.yatonghui.com:443
2021-09-29 16:47:16,747 - connectionpool.py - _make_request - DEBUG - https://hotfix.guan.yatonghui.com:443 "GET /api/biz/h5/out/customer/custList?codShare=3&menuType=1&timeType=DAT_CREATE&codCustState=01%2C02%2C03%2C04%2C05&pageNo=1&pageSize=10 HTTP/1.1" 200 None
2021-09-29 16:47:16,753 - connectionpool.py - _new_conn - DEBUG - Starting new HTTPS connection (1): hotfix.guan.yatonghui.com:443
2021-09-29 16:47:16,895 - connectionpool.py - _make_request - DEBUG - https://hotfix.guan.yatonghui.com:443 "GET /api/verification/code/1/13300000110 HTTP/1.1" 200 74
2021-09-29 16:47:16,902 - connectionpool.py - _new_conn - DEBUG - Starting new HTTPS connection (1): hotfix.guan.yatonghui.com:443
2021-09-29 16:47:17,147 - connectionpool.py - _make_request - DEBUG - https://hotfix.guan.yatonghui.com:443 "POST /api/login HTTP/1.1" 200 424
2021-09-29 16:47:17,168 - connectionpool.py - _new_conn - DEBUG - Starting new HTTPS connection (1): hotfix.guan.yatonghui.com:443
2021-09-29 16:47:17,527 - connectionpool.py - _make_request - DEBUG - https://hotfix.guan.yatonghui.com:443 "GET /api/sys/base/employee/profile?%7B%22orgId%22:%20%22%22%7D HTTP/1.1" 200 None
2021-09-29 16:47:17,573 - connectionpool.py - _new_conn - DEBUG - Starting new HTTPS connection (1): hotfix.guan.yatonghui.com:443
2021-09-29 16:47:17,747 - connectionpool.py - _make_request - DEBUG - https://hotfix.guan.yatonghui.com:443 "GET /api/biz/h5/in/project/my/select?%7B%22onlineStatus%22:%20%221%22%7D HTTP/1.1" 200 None
2021-09-29 16:47:17,863 - connectionpool.py - _new_conn - DEBUG - Starting new HTTPS connection (1): hotfix.guan.yatonghui.com:443
2021-09-29 16:47:18,168 - connectionpool.py - _make_request - DEBUG - https://hotfix.guan.yatonghui.com:443 "GET /api/biz/h5/out/customer/custList?codShare=3&menuType=1&timeType=DAT_CREATE&codIntentionLevel=0%2C1%2C2%2C3%2C4&pageNo=1&pageSize=10 HTTP/1.1" 200 None
2021-09-29 16:47:18,179 - connectionpool.py - _new_conn - DEBUG - Starting new HTTPS connection (1): hotfix.guan.yatonghui.com:443
2021-09-29 16:47:18,369 - connectionpool.py - _make_request - DEBUG - https://hotfix.guan.yatonghui.com:443 "GET /api/verification/code/1/13300000110 HTTP/1.1" 200 74
2021-09-29 16:47:18,379 - connectionpool.py - _new_conn - DEBUG - Starting new HTTPS connection (1): hotfix.guan.yatonghui.com:443
2021-09-29 16:47:18,646 - connectionpool.py - _make_request - DEBUG - https://hotfix.guan.yatonghui.com:443 "POST /api/login HTTP/1.1" 200 424
2021-09-29 16:47:18,679 - connectionpool.py - _new_conn - DEBUG - Starting new HTTPS connection (1): hotfix.guan.yatonghui.com:443
2021-09-29 16:47:19,048 - connectionpool.py - _make_request - DEBUG - https://hotfix.guan.yatonghui.com:443 "GET /api/sys/base/employee/profile?%7B%22orgId%22:%20%22%22%7D HTTP/1.1" 200 None
2021-09-29 16:47:19,067 - connectionpool.py - _new_conn - DEBUG - Starting new HTTPS connection (1): hotfix.guan.yatonghui.com:443
2021-09-29 16:47:19,194 - connectionpool.py - _make_request - DEBUG - https://hotfix.guan.yatonghui.com:443 "GET /api/biz/h5/in/project/my/select?%7B%22onlineStatus%22:%20%221%22%7D HTTP/1.1" 200 None
2021-09-29 16:47:19,224 - connectionpool.py - _new_conn - DEBUG - Starting new HTTPS connection (1): hotfix.guan.yatonghui.com:443
2021-09-29 16:47:19,371 - connectionpool.py - _make_request - DEBUG - https://hotfix.guan.yatonghui.com:443 "GET /api/biz/h5/out/customer/custList?codShare=3&menuType=1&timeType=DAT_CREATE&followType=1%2C2%2C3%2C4%2C5&pageNo=1&pageSize=10 HTTP/1.1" 200 None
2021-09-29 16:47:19,378 - connectionpool.py - _new_conn - DEBUG - Starting new HTTPS connection (1): hotfix.guan.yatonghui.com:443
2021-09-29 16:47:19,518 - connectionpool.py - _make_request - DEBUG - https://hotfix.guan.yatonghui.com:443 "GET /api/verification/code/1/13300000110 HTTP/1.1" 200 74
2021-09-29 16:47:19,525 - connectionpool.py - _new_conn - DEBUG - Starting new HTTPS connection (1): hotfix.guan.yatonghui.com:443
2021-09-29 16:47:19,786 - connectionpool.py - _make_request - DEBUG - https://hotfix.guan.yatonghui.com:443 "POST /api/login HTTP/1.1" 200 424
2021-09-29 16:47:19,815 - connectionpool.py - _new_conn - DEBUG - Starting new HTTPS connection (1): hotfix.guan.yatonghui.com:443
2021-09-29 16:47:20,300 - connectionpool.py - _make_request - DEBUG - https://hotfix.guan.yatonghui.com:443 "GET /api/sys/base/employee/profile?%7B%22orgId%22:%20%22%22%7D HTTP/1.1" 200 None
2021-09-29 16:47:20,326 - connectionpool.py - _new_conn - DEBUG - Starting new HTTPS connection (1): hotfix.guan.yatonghui.com:443
2021-09-29 16:47:20,464 - connectionpool.py - _make_request - DEBUG - https://hotfix.guan.yatonghui.com:443 "GET /api/biz/h5/in/project/my/select?%7B%22onlineStatus%22:%20%221%22%7D HTTP/1.1" 200 None
2021-09-29 16:47:20,496 - connectionpool.py - _new_conn - DEBUG - Starting new HTTPS connection (1): hotfix.guan.yatonghui.com:443
2021-09-29 16:47:20,660 - connectionpool.py - _make_request - DEBUG - https://hotfix.guan.yatonghui.com:443 "GET /api/biz/h5/out/customer/custList?codShare=3&menuType=1&timeType=DAT_CREATE&sort=1&pageNo=1&pageSize=10 HTTP/1.1" 200 None
2021-09-29 16:47:20,666 - connectionpool.py - _new_conn - DEBUG - Starting new HTTPS connection (1): hotfix.guan.yatonghui.com:443
2021-09-29 16:47:20,829 - connectionpool.py - _make_request - DEBUG - https://hotfix.guan.yatonghui.com:443 "GET /api/verification/code/1/13300000110 HTTP/1.1" 200 74
2021-09-29 16:47:20,836 - connectionpool.py - _new_conn - DEBUG - Starting new HTTPS connection (1): hotfix.guan.yatonghui.com:443
2021-09-29 16:47:21,098 - connectionpool.py - _make_request - DEBUG - https://hotfix.guan.yatonghui.com:443 "POST /api/login HTTP/1.1" 200 424
2021-09-29 16:47:21,129 - connectionpool.py - _new_conn - DEBUG - Starting new HTTPS connection (1): hotfix.guan.yatonghui.com:443
2021-09-29 16:47:21,539 - connectionpool.py - _make_request - DEBUG - https://hotfix.guan.yatonghui.com:443 "GET /api/sys/base/employee/profile?%7B%22orgId%22:%20%22%22%7D HTTP/1.1" 200 None
2021-09-29 16:47:21,559 - connectionpool.py - _new_conn - DEBUG - Starting new HTTPS connection (1): hotfix.guan.yatonghui.com:443
2021-09-29 16:47:21,744 - connectionpool.py - _make_request - DEBUG - https://hotfix.guan.yatonghui.com:443 "GET /api/biz/h5/in/project/my/select?%7B%22onlineStatus%22:%20%221%22%7D HTTP/1.1" 200 None
2021-09-29 16:47:21,762 - connectionpool.py - _new_conn - DEBUG - Starting new HTTPS connection (1): hotfix.guan.yatonghui.com:443
2021-09-29 16:47:21,913 - connectionpool.py - _make_request - DEBUG - https://hotfix.guan.yatonghui.com:443 "GET /api/biz/h5/out/customer/custList?codShare=3&menuType=2&datatype=2&timeType=DAT_CREATE&pageNo=1&pageSize=10&codCustState=01&codIntentionLevel=1&followType=1&sort=1 HTTP/1.1" 200 None
2021-09-29 16:47:21,920 - connectionpool.py - _new_conn - DEBUG - Starting new HTTPS connection (1): hotfix.guan.yatonghui.com:443
2021-09-29 16:47:22,068 - connectionpool.py - _make_request - DEBUG - https://hotfix.guan.yatonghui.com:443 "GET /api/verification/code/1/13300000110 HTTP/1.1" 200 74
2021-09-29 16:47:22,079 - connectionpool.py - _new_conn - DEBUG - Starting new HTTPS connection (1): hotfix.guan.yatonghui.com:443
2021-09-29 16:47:22,321 - connectionpool.py - _make_request - DEBUG - https://hotfix.guan.yatonghui.com:443 "POST /api/login HTTP/1.1" 200 424
2021-09-29 16:47:22,349 - connectionpool.py - _new_conn - DEBUG - Starting new HTTPS connection (1): hotfix.guan.yatonghui.com:443
2021-09-29 16:47:22,718 - connectionpool.py - _make_request - DEBUG - https://hotfix.guan.yatonghui.com:443 "GET /api/sys/base/employee/profile?%7B%22orgId%22:%20%22%22%7D HTTP/1.1" 200 None
2021-09-29 16:47:22,736 - connectionpool.py - _new_conn - DEBUG - Starting new HTTPS connection (1): hotfix.guan.yatonghui.com:443
2021-09-29 16:47:22,878 - connectionpool.py - _make_request - DEBUG - https://hotfix.guan.yatonghui.com:443 "GET /api/biz/h5/in/project/my/select?%7B%22onlineStatus%22:%20%221%22%7D HTTP/1.1" 200 None
2021-09-29 16:47:22,897 - connectionpool.py - _new_conn - DEBUG - Starting new HTTPS connection (1): hotfix.guan.yatonghui.com:443
2021-09-29 16:47:23,042 - connectionpool.py - _make_request - DEBUG - https://hotfix.guan.yatonghui.com:443 "GET /api/biz/h5/out/customer/custList?codShare=3&menuType=2&timeType=DAT_CREATE&keyword=144&pageNo=1&pageSize=10 HTTP/1.1" 200 None
2021-09-29 16:47:23,049 - connectionpool.py - _new_conn - DEBUG - Starting new HTTPS connection (1): hotfix.guan.yatonghui.com:443
2021-09-29 16:47:23,208 - connectionpool.py - _make_request - DEBUG - https://hotfix.guan.yatonghui.com:443 "GET /api/verification/code/1/13300000110 HTTP/1.1" 200 74
2021-09-29 16:47:23,217 - connectionpool.py - _new_conn - DEBUG - Starting new HTTPS connection (1): hotfix.guan.yatonghui.com:443
2021-09-29 16:47:23,487 - connectionpool.py - _make_request - DEBUG - https://hotfix.guan.yatonghui.com:443 "POST /api/login HTTP/1.1" 200 424
2021-09-29 16:47:23,505 - connectionpool.py - _new_conn - DEBUG - Starting new HTTPS connection (1): hotfix.guan.yatonghui.com:443
2021-09-29 16:47:23,862 - connectionpool.py - _make_request - DEBUG - https://hotfix.guan.yatonghui.com:443 "GET /api/sys/base/employee/profile?%7B%22orgId%22:%20%22%22%7D HTTP/1.1" 200 None
2021-09-29 16:47:23,884 - connectionpool.py - _new_conn - DEBUG - Starting new HTTPS connection (1): hotfix.guan.yatonghui.com:443
2021-09-29 16:47:24,068 - connectionpool.py - _make_request - DEBUG - https://hotfix.guan.yatonghui.com:443 "GET /api/biz/h5/in/project/my/select?%7B%22onlineStatus%22:%20%221%22%7D HTTP/1.1" 200 None
2021-09-29 16:47:24,087 - connectionpool.py - _new_conn - DEBUG - Starting new HTTPS connection (1): hotfix.guan.yatonghui.com:443
2021-09-29 16:47:24,255 - connectionpool.py - _make_request - DEBUG - https://hotfix.guan.yatonghui.com:443 "GET /api/biz/h5/out/customer/custList?codShare=3&menuType=2&timeType=DAT_CREATE&codCustState=01%2C02%2C03%2C04%2C05&pageNo=1&pageSize=10 HTTP/1.1" 200 None
2021-09-29 16:47:24,263 - connectionpool.py - _new_conn - DEBUG - Starting new HTTPS connection (1): hotfix.guan.yatonghui.com:443
2021-09-29 16:47:24,399 - connectionpool.py - _make_request - DEBUG - https://hotfix.guan.yatonghui.com:443 "GET /api/verification/code/1/13300000110 HTTP/1.1" 200 74
2021-09-29 16:47:24,404 - connectionpool.py - _new_conn - DEBUG - Starting new HTTPS connection (1): hotfix.guan.yatonghui.com:443
2021-09-29 16:47:24,664 - connectionpool.py - _make_request - DEBUG - https://hotfix.guan.yatonghui.com:443 "POST /api/login HTTP/1.1" 200 424
2021-09-29 16:47:24,682 - connectionpool.py - _new_conn - DEBUG - Starting new HTTPS connection (1): hotfix.guan.yatonghui.com:443
2021-09-29 16:47:25,020 - connectionpool.py - _make_request - DEBUG - https://hotfix.guan.yatonghui.com:443 "GET /api/sys/base/employee/profile?%7B%22orgId%22:%20%22%22%7D HTTP/1.1" 200 None
2021-09-29 16:47:25,038 - connectionpool.py - _new_conn - DEBUG - Starting new HTTPS connection (1): hotfix.guan.yatonghui.com:443
2021-09-29 16:47:25,180 - connectionpool.py - _make_request - DEBUG - https://hotfix.guan.yatonghui.com:443 "GET /api/biz/h5/in/project/my/select?%7B%22onlineStatus%22:%20%221%22%7D HTTP/1.1" 200 None
2021-09-29 16:47:25,213 - connectionpool.py - _new_conn - DEBUG - Starting new HTTPS connection (1): hotfix.guan.yatonghui.com:443
2021-09-29 16:47:25,406 - connectionpool.py - _make_request - DEBUG - https://hotfix.guan.yatonghui.com:443 "GET /api/biz/h5/out/customer/custList?codShare=3&menuType=2&timeType=DAT_CREATE&codIntentionLevel=0%2C1%2C2%2C3%2C4&pageNo=1&pageSize=10 HTTP/1.1" 200 None
2021-09-29 16:47:25,429 - connectionpool.py - _new_conn - DEBUG - Starting new HTTPS connection (1): hotfix.guan.yatonghui.com:443
2021-09-29 16:47:25,586 - connectionpool.py - _make_request - DEBUG - https://hotfix.guan.yatonghui.com:443 "GET /api/verification/code/1/13300000110 HTTP/1.1" 200 74
2021-09-29 16:47:25,591 - connectionpool.py - _new_conn - DEBUG - Starting new HTTPS connection (1): hotfix.guan.yatonghui.com:443
2021-09-29 16:47:25,841 - connectionpool.py - _make_request - DEBUG - https://hotfix.guan.yatonghui.com:443 "POST /api/login HTTP/1.1" 200 424
2021-09-29 16:47:25,860 - connectionpool.py - _new_conn - DEBUG - Starting new HTTPS connection (1): hotfix.guan.yatonghui.com:443
2021-09-29 16:47:26,240 - connectionpool.py - _make_request - DEBUG - https://hotfix.guan.yatonghui.com:443 "GET /api/sys/base/employee/profile?%7B%22orgId%22:%20%22%22%7D HTTP/1.1" 200 None
2021-09-29 16:47:26,262 - connectionpool.py - _new_conn - DEBUG - Starting new HTTPS connection (1): hotfix.guan.yatonghui.com:443
2021-09-29 16:47:26,413 - connectionpool.py - _make_request - DEBUG - https://hotfix.guan.yatonghui.com:443 "GET /api/biz/h5/in/project/my/select?%7B%22onlineStatus%22:%20%221%22%7D HTTP/1.1" 200 None
2021-09-29 16:47:26,430 - connectionpool.py - _new_conn - DEBUG - Starting new HTTPS connection (1): hotfix.guan.yatonghui.com:443
2021-09-29 16:47:26,589 - connectionpool.py - _make_request - DEBUG - https://hotfix.guan.yatonghui.com:443 "GET /api/biz/h5/out/customer/custList?codShare=3&menuType=2&timeType=DAT_CREATE&followType=1%2C2%2C3%2C4%2C5&pageNo=1&pageSize=10 HTTP/1.1" 200 None
2021-09-29 16:47:26,595 - connectionpool.py - _new_conn - DEBUG - Starting new HTTPS connection (1): hotfix.guan.yatonghui.com:443
2021-09-29 16:47:26,749 - connectionpool.py - _make_request - DEBUG - https://hotfix.guan.yatonghui.com:443 "GET /api/verification/code/1/13300000110 HTTP/1.1" 200 74
2021-09-29 16:47:26,755 - connectionpool.py - _new_conn - DEBUG - Starting new HTTPS connection (1): hotfix.guan.yatonghui.com:443
2021-09-29 16:47:27,048 - connectionpool.py - _make_request - DEBUG - https://hotfix.guan.yatonghui.com:443 "POST /api/login HTTP/1.1" 200 424
2021-09-29 16:47:27,066 - connectionpool.py - _new_conn - DEBUG - Starting new HTTPS connection (1): hotfix.guan.yatonghui.com:443
2021-09-29 16:47:27,396 - connectionpool.py - _make_request - DEBUG - https://hotfix.guan.yatonghui.com:443 "GET /api/sys/base/employee/profile?%7B%22orgId%22:%20%22%22%7D HTTP/1.1" 200 None
2021-09-29 16:47:27,415 - connectionpool.py - _new_conn - DEBUG - Starting new HTTPS connection (1): hotfix.guan.yatonghui.com:443
2021-09-29 16:47:27,553 - connectionpool.py - _make_request - DEBUG - https://hotfix.guan.yatonghui.com:443 "GET /api/biz/h5/in/project/my/select?%7B%22onlineStatus%22:%20%221%22%7D HTTP/1.1" 200 None
2021-09-29 16:47:27,571 - connectionpool.py - _new_conn - DEBUG - Starting new HTTPS connection (1): hotfix.guan.yatonghui.com:443
2021-09-29 16:47:27,728 - connectionpool.py - _make_request - DEBUG - https://hotfix.guan.yatonghui.com:443 "GET /api/biz/h5/out/customer/custList?codShare=3&menuType=2&timeType=DAT_CREATE&sort=1&pageNo=1&pageSize=10 HTTP/1.1" 200 None
2021-09-29 16:47:27,737 - connectionpool.py - _new_conn - DEBUG - Starting new HTTPS connection (1): hotfix.guan.yatonghui.com:443
2021-09-29 16:47:27,883 - connectionpool.py - _make_request - DEBUG - https://hotfix.guan.yatonghui.com:443 "GET /api/verification/code/1/13300000110 HTTP/1.1" 200 74
2021-09-29 16:47:27,892 - connectionpool.py - _new_conn - DEBUG - Starting new HTTPS connection (1): hotfix.guan.yatonghui.com:443
2021-09-29 16:47:28,185 - connectionpool.py - _make_request - DEBUG - https://hotfix.guan.yatonghui.com:443 "POST /api/login HTTP/1.1" 200 424
2021-09-29 16:47:28,213 - connectionpool.py - _new_conn - DEBUG - Starting new HTTPS connection (1): hotfix.guan.yatonghui.com:443
2021-09-29 16:47:28,546 - connectionpool.py - _make_request - DEBUG - https://hotfix.guan.yatonghui.com:443 "GET /api/sys/base/employee/profile?%7B%22orgId%22:%20%22%22%7D HTTP/1.1" 200 None
2021-09-29 16:47:28,564 - connectionpool.py - _new_conn - DEBUG - Starting new HTTPS connection (1): hotfix.guan.yatonghui.com:443
2021-09-29 16:47:28,716 - connectionpool.py - _make_request - DEBUG - https://hotfix.guan.yatonghui.com:443 "GET /api/biz/h5/in/project/my/select?%7B%22onlineStatus%22:%20%221%22%7D HTTP/1.1" 200 None
2021-09-29 16:47:28,734 - connectionpool.py - _new_conn - DEBUG - Starting new HTTPS connection (1): hotfix.guan.yatonghui.com:443
2021-09-29 16:47:28,919 - connectionpool.py - _make_request - DEBUG - https://hotfix.guan.yatonghui.com:443 "GET /api/biz/h5/out/customer/custList?codShare=3&menuType=2&datatype=2&timeType=DAT_CREATE&pageNo=1&pageSize=10&codCustState=01&codIntentionLevel=1&followType=1&sort=1 HTTP/1.1" 200 None
2021-09-29 16:47:28,926 - connectionpool.py - _new_conn - DEBUG - Starting new HTTPS connection (1): hotfix.guan.yatonghui.com:443
2021-09-29 16:47:29,089 - connectionpool.py - _make_request - DEBUG - https://hotfix.guan.yatonghui.com:443 "GET /api/verification/code/1/13300000110 HTTP/1.1" 200 74
2021-09-29 16:47:29,094 - connectionpool.py - _new_conn - DEBUG - Starting new HTTPS connection (1): hotfix.guan.yatonghui.com:443
2021-09-29 16:47:29,329 - connectionpool.py - _make_request - DEBUG - https://hotfix.guan.yatonghui.com:443 "POST /api/login HTTP/1.1" 200 424
2021-09-29 16:47:29,348 - connectionpool.py - _new_conn - DEBUG - Starting new HTTPS connection (1): hotfix.guan.yatonghui.com:443
2021-09-29 16:47:29,677 - connectionpool.py - _make_request - DEBUG - https://hotfix.guan.yatonghui.com:443 "GET /api/sys/base/employee/profile?%7B%22orgId%22:%20%22%22%7D HTTP/1.1" 200 None
2021-09-29 16:47:29,699 - connectionpool.py - _new_conn - DEBUG - Starting new HTTPS connection (1): hotfix.guan.yatonghui.com:443
2021-09-29 16:47:29,844 - connectionpool.py - _make_request - DEBUG - https://hotfix.guan.yatonghui.com:443 "GET /api/biz/h5/in/project/my/select?%7B%22onlineStatus%22:%20%221%22%7D HTTP/1.1" 200 None
2021-09-29 16:47:29,862 - connectionpool.py - _new_conn - DEBUG - Starting new HTTPS connection (1): hotfix.guan.yatonghui.com:443
2021-09-29 16:47:30,014 - connectionpool.py - _make_request - DEBUG - https://hotfix.guan.yatonghui.com:443 "GET /api/biz/h5/out/customer/public/list?codShare=1&timeType=DAT_CREATE&keyword=145&pageNo=1&pageSize=10 HTTP/1.1" 200 None
2021-09-29 16:47:30,020 - connectionpool.py - _new_conn - DEBUG - Starting new HTTPS connection (1): hotfix.guan.yatonghui.com:443
2021-09-29 16:47:30,159 - connectionpool.py - _make_request - DEBUG - https://hotfix.guan.yatonghui.com:443 "GET /api/verification/code/1/13300000110 HTTP/1.1" 200 74
2021-09-29 16:47:30,167 - connectionpool.py - _new_conn - DEBUG - Starting new HTTPS connection (1): hotfix.guan.yatonghui.com:443
2021-09-29 16:47:30,427 - connectionpool.py - _make_request - DEBUG - https://hotfix.guan.yatonghui.com:443 "POST /api/login HTTP/1.1" 200 424
2021-09-29 16:47:30,446 - connectionpool.py - _new_conn - DEBUG - Starting new HTTPS connection (1): hotfix.guan.yatonghui.com:443
2021-09-29 16:47:30,818 - connectionpool.py - _make_request - DEBUG - https://hotfix.guan.yatonghui.com:443 "GET /api/sys/base/employee/profile?%7B%22orgId%22:%20%22%22%7D HTTP/1.1" 200 None
2021-09-29 16:47:30,836 - connectionpool.py - _new_conn - DEBUG - Starting new HTTPS connection (1): hotfix.guan.yatonghui.com:443
2021-09-29 16:47:30,982 - connectionpool.py - _make_request - DEBUG - https://hotfix.guan.yatonghui.com:443 "GET /api/biz/h5/in/project/my/select?%7B%22onlineStatus%22:%20%221%22%7D HTTP/1.1" 200 None
2021-09-29 16:47:31,001 - connectionpool.py - _new_conn - DEBUG - Starting new HTTPS connection (1): hotfix.guan.yatonghui.com:443
2021-09-29 16:47:31,146 - connectionpool.py - _make_request - DEBUG - https://hotfix.guan.yatonghui.com:443 "GET /api/biz/h5/out/customer/public/list?codShare=1&timeType=DAT_CREATE&screen=1&pageNo=1&pageSize=10 HTTP/1.1" 200 None
2021-09-29 16:47:31,152 - connectionpool.py - _new_conn - DEBUG - Starting new HTTPS connection (1): hotfix.guan.yatonghui.com:443
2021-09-29 16:47:31,303 - connectionpool.py - _make_request - DEBUG - https://hotfix.guan.yatonghui.com:443 "GET /api/verification/code/1/13300000110 HTTP/1.1" 200 74
2021-09-29 16:47:31,313 - connectionpool.py - _new_conn - DEBUG - Starting new HTTPS connection (1): hotfix.guan.yatonghui.com:443
2021-09-29 16:47:31,562 - connectionpool.py - _make_request - DEBUG - https://hotfix.guan.yatonghui.com:443 "POST /api/login HTTP/1.1" 200 424
2021-09-29 16:47:31,586 - connectionpool.py - _new_conn - DEBUG - Starting new HTTPS connection (1): hotfix.guan.yatonghui.com:443
2021-09-29 16:47:31,923 - connectionpool.py - _make_request - DEBUG - https://hotfix.guan.yatonghui.com:443 "GET /api/sys/base/employee/profile?%7B%22orgId%22:%20%22%22%7D HTTP/1.1" 200 None
2021-09-29 16:47:31,945 - connectionpool.py - _new_conn - DEBUG - Starting new HTTPS connection (1): hotfix.guan.yatonghui.com:443
2021-09-29 16:47:32,112 - connectionpool.py - _make_request - DEBUG - https://hotfix.guan.yatonghui.com:443 "GET /api/biz/h5/in/project/my/select?%7B%22onlineStatus%22:%20%221%22%7D HTTP/1.1" 200 None
2021-09-29 16:47:32,145 - connectionpool.py - _new_conn - DEBUG - Starting new HTTPS connection (1): hotfix.guan.yatonghui.com:443
2021-09-29 16:47:32,332 - connectionpool.py - _make_request - DEBUG - https://hotfix.guan.yatonghui.com:443 "GET /api/biz/h5/out/customer/public/list?codShare=1&timeType=DAT_CREATE&screen=2&pageNo=1&pageSize=10 HTTP/1.1" 200 None
2021-09-29 16:47:32,343 - connectionpool.py - _new_conn - DEBUG - Starting new HTTPS connection (1): hotfix.guan.yatonghui.com:443
2021-09-29 16:47:32,542 - connectionpool.py - _make_request - DEBUG - https://hotfix.guan.yatonghui.com:443 "GET /api/verification/code/1/13300000110 HTTP/1.1" 200 74
2021-09-29 16:47:32,548 - connectionpool.py - _new_conn - DEBUG - Starting new HTTPS connection (1): hotfix.guan.yatonghui.com:443
2021-09-29 16:47:32,824 - connectionpool.py - _make_request - DEBUG - https://hotfix.guan.yatonghui.com:443 "POST /api/login HTTP/1.1" 200 424
2021-09-29 16:47:32,844 - connectionpool.py - _new_conn - DEBUG - Starting new HTTPS connection (1): hotfix.guan.yatonghui.com:443
2021-09-29 16:47:33,207 - connectionpool.py - _make_request - DEBUG - https://hotfix.guan.yatonghui.com:443 "GET /api/sys/base/employee/profile?%7B%22orgId%22:%20%22%22%7D HTTP/1.1" 200 None
2021-09-29 16:47:33,241 - connectionpool.py - _new_conn - DEBUG - Starting new HTTPS connection (1): hotfix.guan.yatonghui.com:443
2021-09-29 16:47:33,376 - connectionpool.py - _make_request - DEBUG - https://hotfix.guan.yatonghui.com:443 "GET /api/biz/h5/in/project/my/select?%7B%22onlineStatus%22:%20%221%22%7D HTTP/1.1" 200 None
2021-09-29 16:47:33,401 - connectionpool.py - _new_conn - DEBUG - Starting new HTTPS connection (1): hotfix.guan.yatonghui.com:443
2021-09-29 16:47:33,570 - connectionpool.py - _make_request - DEBUG - https://hotfix.guan.yatonghui.com:443 "GET /api/biz/h5/out/customer/public/list?codShare=1&timeType=DAT_CREATE&screen=3&pageNo=1&pageSize=10 HTTP/1.1" 200 None
2021-09-29 16:47:33,577 - connectionpool.py - _new_conn - DEBUG - Starting new HTTPS connection (1): hotfix.guan.yatonghui.com:443
2021-09-29 16:47:33,760 - connectionpool.py - _make_request - DEBUG - https://hotfix.guan.yatonghui.com:443 "GET /api/verification/code/1/13300000110 HTTP/1.1" 200 74
2021-09-29 16:47:33,769 - connectionpool.py - _new_conn - DEBUG - Starting new HTTPS connection (1): hotfix.guan.yatonghui.com:443
2021-09-29 16:47:34,041 - connectionpool.py - _make_request - DEBUG - https://hotfix.guan.yatonghui.com:443 "POST /api/login HTTP/1.1" 200 424
2021-09-29 16:47:34,068 - connectionpool.py - _new_conn - DEBUG - Starting new HTTPS connection (1): hotfix.guan.yatonghui.com:443
2021-09-29 16:47:34,396 - connectionpool.py - _make_request - DEBUG - https://hotfix.guan.yatonghui.com:443 "GET /api/sys/base/employee/profile?%7B%22orgId%22:%20%22%22%7D HTTP/1.1" 200 None
2021-09-29 16:47:34,418 - connectionpool.py - _new_conn - DEBUG - Starting new HTTPS connection (1): hotfix.guan.yatonghui.com:443
2021-09-29 16:47:34,552 - connectionpool.py - _make_request - DEBUG - https://hotfix.guan.yatonghui.com:443 "GET /api/biz/h5/in/project/my/select?%7B%22onlineStatus%22:%20%221%22%7D HTTP/1.1" 200 None
2021-09-29 16:47:34,573 - connectionpool.py - _new_conn - DEBUG - Starting new HTTPS connection (1): hotfix.guan.yatonghui.com:443
2021-09-29 16:47:34,713 - connectionpool.py - _make_request - DEBUG - https://hotfix.guan.yatonghui.com:443 "GET /api/biz/h5/out/customer/public/list?codShare=1&timeType=DAT_CREATE&filtersTime=2021-09-12&filtereTime=2021-09-18&pageNo=1&pageSize=10 HTTP/1.1" 200 None
2021-09-29 16:47:34,720 - connectionpool.py - _new_conn - DEBUG - Starting new HTTPS connection (1): hotfix.guan.yatonghui.com:443
2021-09-29 16:47:34,874 - connectionpool.py - _make_request - DEBUG - https://hotfix.guan.yatonghui.com:443 "GET /api/verification/code/1/13300000110 HTTP/1.1" 200 74
2021-09-29 16:47:34,891 - connectionpool.py - _new_conn - DEBUG - Starting new HTTPS connection (1): hotfix.guan.yatonghui.com:443
2021-09-29 16:47:35,164 - connectionpool.py - _make_request - DEBUG - https://hotfix.guan.yatonghui.com:443 "POST /api/login HTTP/1.1" 200 424
2021-09-29 16:47:35,207 - connectionpool.py - _new_conn - DEBUG - Starting new HTTPS connection (1): hotfix.guan.yatonghui.com:443
2021-09-29 16:47:35,572 - connectionpool.py - _make_request - DEBUG - https://hotfix.guan.yatonghui.com:443 "GET /api/sys/base/employee/profile?%7B%22orgId%22:%20%22%22%7D HTTP/1.1" 200 None
2021-09-29 16:47:35,601 - connectionpool.py - _new_conn - DEBUG - Starting new HTTPS connection (1): hotfix.guan.yatonghui.com:443
2021-09-29 16:47:35,766 - connectionpool.py - _make_request - DEBUG - https://hotfix.guan.yatonghui.com:443 "GET /api/biz/h5/in/project/my/select?%7B%22onlineStatus%22:%20%221%22%7D HTTP/1.1" 200 None
2021-09-29 16:47:35,792 - connectionpool.py - _new_conn - DEBUG - Starting new HTTPS connection (1): hotfix.guan.yatonghui.com:443
2021-09-29 16:47:35,948 - connectionpool.py - _make_request - DEBUG - https://hotfix.guan.yatonghui.com:443 "GET /api/biz/h5/out/customer/public/list?codShare=1&timeType=DAT_CREATE&sort=6&pageNo=1&pageSize=10 HTTP/1.1" 200 None
2021-09-29 16:47:35,956 - h5_out_case.py - tearDownClass - DEBUG - 自动化接口用例结束
