2021-09-29 16:43:55,772 - h5_out_case.py - setUpClass - DEBUG - 开始写入接口自动化测试用例
2021-09-29 16:43:55,783 - connectionpool.py - _new_conn - DEBUG - Starting new HTTPS connection (1): pre.guan.yatonghui.com:443
2021-09-29 16:43:55,958 - connectionpool.py - _make_request - DEBUG - https://pre.guan.yatonghui.com:443 "GET /api/sys/base/organization/getOrgSimple?code=MCGS HTTP/1.1" 200 None
2021-09-29 16:43:55,965 - connectionpool.py - _new_conn - DEBUG - Starting new HTTPS connection (1): pre.guan.yatonghui.com:443
2021-09-29 16:43:56,118 - connectionpool.py - _make_request - DEBUG - https://pre.guan.yatonghui.com:443 "GET /api/verification/code/1/13300000110 HTTP/1.1" 200 74
2021-09-29 16:43:56,126 - connectionpool.py - _new_conn - DEBUG - Starting new HTTPS connection (1): pre.guan.yatonghui.com:443
2021-09-29 16:43:56,258 - connectionpool.py - _make_request - DEBUG - https://pre.guan.yatonghui.com:443 "POST /api/login HTTP/1.1" 200 104
2021-09-29 16:43:56,283 - connectionpool.py - _new_conn - DEBUG - Starting new HTTPS connection (1): pre.guan.yatonghui.com:443
2021-09-29 16:43:56,453 - connectionpool.py - _make_request - DEBUG - https://pre.guan.yatonghui.com:443 "GET /api/sys/base/dict/group/list?type=2 HTTP/1.1" 200 None
2021-09-29 16:43:56,537 - connectionpool.py - _new_conn - DEBUG - Starting new HTTPS connection (1): pre.guan.yatonghui.com:443
2021-09-29 16:43:56,765 - connectionpool.py - _make_request - DEBUG - https://pre.guan.yatonghui.com:443 "GET /api/verification/code/1/13300000110 HTTP/1.1" 200 74
2021-09-29 16:43:56,778 - connectionpool.py - _new_conn - DEBUG - Starting new HTTPS connection (1): pre.guan.yatonghui.com:443
2021-09-29 16:43:56,912 - connectionpool.py - _make_request - DEBUG - https://pre.guan.yatonghui.com:443 "POST /api/login HTTP/1.1" 200 104
2021-09-29 16:43:56,938 - connectionpool.py - _new_conn - DEBUG - Starting new HTTPS connection (1): pre.guan.yatonghui.com:443
2021-09-29 16:43:57,038 - connectionpool.py - _make_request - DEBUG - https://pre.guan.yatonghui.com:443 "GET /api/sys/base/employee/profile?%7B%22orgId%22:%20%22%22%7D HTTP/1.1" 200 None
2021-09-29 16:43:57,071 - connectionpool.py - _new_conn - DEBUG - Starting new HTTPS connection (1): pre.guan.yatonghui.com:443
2021-09-29 16:43:57,301 - connectionpool.py - _make_request - DEBUG - https://pre.guan.yatonghui.com:443 "GET /api/verification/code/1/13300000110 HTTP/1.1" 200 74
2021-09-29 16:43:57,310 - connectionpool.py - _new_conn - DEBUG - Starting new HTTPS connection (1): pre.guan.yatonghui.com:443
2021-09-29 16:43:57,463 - connectionpool.py - _make_request - DEBUG - https://pre.guan.yatonghui.com:443 "POST /api/login HTTP/1.1" 200 104
2021-09-29 16:43:57,486 - connectionpool.py - _new_conn - DEBUG - Starting new HTTPS connection (1): pre.guan.yatonghui.com:443
2021-09-29 16:43:57,593 - connectionpool.py - _make_request - DEBUG - https://pre.guan.yatonghui.com:443 "GET /api/sys/base/employee/profile?%7B%22orgId%22:%20%22%22%7D HTTP/1.1" 200 None
2021-09-29 16:43:57,618 - connectionpool.py - _new_conn - DEBUG - Starting new HTTPS connection (1): pre.guan.yatonghui.com:443
2021-09-29 16:43:57,782 - connectionpool.py - _make_request - DEBUG - https://pre.guan.yatonghui.com:443 "GET /api/verification/code/1/13300000110 HTTP/1.1" 200 74
2021-09-29 16:43:57,788 - connectionpool.py - _new_conn - DEBUG - Starting new HTTPS connection (1): pre.guan.yatonghui.com:443
2021-09-29 16:43:57,944 - connectionpool.py - _make_request - DEBUG - https://pre.guan.yatonghui.com:443 "POST /api/login HTTP/1.1" 200 104
2021-09-29 16:43:57,967 - connectionpool.py - _new_conn - DEBUG - Starting new HTTPS connection (1): pre.guan.yatonghui.com:443
2021-09-29 16:43:58,104 - connectionpool.py - _make_request - DEBUG - https://pre.guan.yatonghui.com:443 "GET /api/sys/base/employee/profile?%7B%22orgId%22:%20%22%22%7D HTTP/1.1" 200 None
2021-09-29 16:43:58,131 - connectionpool.py - _new_conn - DEBUG - Starting new HTTPS connection (1): pre.guan.yatonghui.com:443
