2021-09-29 16:11:45,085 - h5_out_case.py - setUpClass - DEBUG - 开始写入接口自动化测试用例
2021-09-29 16:11:45,095 - connectionpool.py - _new_conn - DEBUG - Starting new HTTPS connection (1): pre.guan.yatonghui.com:443
2021-09-29 16:11:45,362 - connectionpool.py - _make_request - DEBUG - https://pre.guan.yatonghui.com:443 "GET /api/sys/base/organization/getOrgSimple?code=MCGS HTTP/1.1" 200 None
2021-09-29 16:11:45,369 - connectionpool.py - _new_conn - DEBUG - Starting new HTTPS connection (1): pre.guan.yatonghui.com:443
2021-09-29 16:11:45,537 - connectionpool.py - _make_request - DEBUG - https://pre.guan.yatonghui.com:443 "GET /api/verification/code/1/13300000110 HTTP/1.1" 200 74
2021-09-29 16:11:45,548 - connectionpool.py - _new_conn - DEBUG - Starting new HTTPS connection (1): pre.guan.yatonghui.com:443
2021-09-29 16:11:45,757 - connectionpool.py - _make_request - DEBUG - https://pre.guan.yatonghui.com:443 "POST /api/login HTTP/1.1" 200 104
2021-09-29 16:11:45,788 - connectionpool.py - _new_conn - DEBUG - Starting new HTTPS connection (1): pre.guan.yatonghui.com:443
2021-09-29 16:11:46,037 - connectionpool.py - _make_request - DEBUG - https://pre.guan.yatonghui.com:443 "GET /api/sys/base/dict/group/list?type=2 HTTP/1.1" 200 None
2021-09-29 16:11:46,250 - connectionpool.py - _new_conn - DEBUG - Starting new HTTPS connection (1): pre.guan.yatonghui.com:443
2021-09-29 16:11:46,446 - connectionpool.py - _make_request - DEBUG - https://pre.guan.yatonghui.com:443 "GET /api/verification/code/1/13300000110 HTTP/1.1" 200 74
2021-09-29 16:11:46,454 - connectionpool.py - _new_conn - DEBUG - Starting new HTTPS connection (1): pre.guan.yatonghui.com:443
2021-09-29 16:11:46,635 - connectionpool.py - _make_request - DEBUG - https://pre.guan.yatonghui.com:443 "POST /api/login HTTP/1.1" 200 104
2021-09-29 16:11:46,661 - connectionpool.py - _new_conn - DEBUG - Starting new HTTPS connection (1): pre.guan.yatonghui.com:443
2021-09-29 16:11:46,813 - connectionpool.py - _make_request - DEBUG - https://pre.guan.yatonghui.com:443 "GET /api/sys/base/employee/profile?%7B%22orgId%22:%20%22%22%7D HTTP/1.1" 200 None
2021-09-29 16:11:46,844 - connectionpool.py - _new_conn - DEBUG - Starting new HTTPS connection (1): pre.guan.yatonghui.com:443
2021-09-29 16:11:47,043 - connectionpool.py - _make_request - DEBUG - https://pre.guan.yatonghui.com:443 "GET /api/verification/code/1/13300000110 HTTP/1.1" 200 74
2021-09-29 16:11:47,052 - connectionpool.py - _new_conn - DEBUG - Starting new HTTPS connection (1): pre.guan.yatonghui.com:443
2021-09-29 16:11:47,192 - connectionpool.py - _make_request - DEBUG - https://pre.guan.yatonghui.com:443 "POST /api/login HTTP/1.1" 200 104
2021-09-29 16:11:47,239 - connectionpool.py - _new_conn - DEBUG - Starting new HTTPS connection (1): pre.guan.yatonghui.com:443
2021-09-29 16:11:47,405 - connectionpool.py - _make_request - DEBUG - https://pre.guan.yatonghui.com:443 "GET /api/sys/base/employee/profile?%7B%22orgId%22:%20%22%22%7D HTTP/1.1" 200 None
2021-09-29 16:11:47,434 - connectionpool.py - _new_conn - DEBUG - Starting new HTTPS connection (1): pre.guan.yatonghui.com:443
2021-09-29 16:11:47,628 - connectionpool.py - _make_request - DEBUG - https://pre.guan.yatonghui.com:443 "GET /api/verification/code/1/13300000110 HTTP/1.1" 200 74
2021-09-29 16:11:47,636 - connectionpool.py - _new_conn - DEBUG - Starting new HTTPS connection (1): pre.guan.yatonghui.com:443
2021-09-29 16:11:47,793 - connectionpool.py - _make_request - DEBUG - https://pre.guan.yatonghui.com:443 "POST /api/login HTTP/1.1" 200 104
2021-09-29 16:11:47,819 - connectionpool.py - _new_conn - DEBUG - Starting new HTTPS connection (1): pre.guan.yatonghui.com:443
2021-09-29 16:11:47,958 - connectionpool.py - _make_request - DEBUG - https://pre.guan.yatonghui.com:443 "GET /api/sys/base/employee/profile?%7B%22orgId%22:%20%22%22%7D HTTP/1.1" 200 None
2021-09-29 16:11:47,982 - connectionpool.py - _new_conn - DEBUG - Starting new HTTPS connection (1): pre.guan.yatonghui.com:443
2021-09-29 16:11:48,157 - connectionpool.py - _make_request - DEBUG - https://pre.guan.yatonghui.com:443 "GET /api/verification/code/1/13300000110 HTTP/1.1" 200 74
2021-09-29 16:11:48,163 - connectionpool.py - _new_conn - DEBUG - Starting new HTTPS connection (1): pre.guan.yatonghui.com:443
2021-09-29 16:11:48,348 - connectionpool.py - _make_request - DEBUG - https://pre.guan.yatonghui.com:443 "POST /api/login HTTP/1.1" 200 104
2021-09-29 16:11:48,373 - connectionpool.py - _new_conn - DEBUG - Starting new HTTPS connection (1): pre.guan.yatonghui.com:443
2021-09-29 16:11:48,546 - connectionpool.py - _make_request - DEBUG - https://pre.guan.yatonghui.com:443 "GET /api/sys/base/employee/profile?%7B%22orgId%22:%20%22%22%7D HTTP/1.1" 200 None
2021-09-29 16:11:48,580 - connectionpool.py - _new_conn - DEBUG - Starting new HTTPS connection (1): pre.guan.yatonghui.com:443
2021-09-29 16:11:48,816 - connectionpool.py - _make_request - DEBUG - https://pre.guan.yatonghui.com:443 "GET /api/verification/code/1/13300000110 HTTP/1.1" 200 74
2021-09-29 16:11:48,827 - connectionpool.py - _new_conn - DEBUG - Starting new HTTPS connection (1): pre.guan.yatonghui.com:443
2021-09-29 16:11:48,968 - connectionpool.py - _make_request - DEBUG - https://pre.guan.yatonghui.com:443 "POST /api/login HTTP/1.1" 200 104
2021-09-29 16:11:48,992 - connectionpool.py - _new_conn - DEBUG - Starting new HTTPS connection (1): pre.guan.yatonghui.com:443
2021-09-29 16:11:49,160 - connectionpool.py - _make_request - DEBUG - https://pre.guan.yatonghui.com:443 "GET /api/sys/base/employee/profile?%7B%22orgId%22:%20%22%22%7D HTTP/1.1" 200 None
2021-09-29 16:11:49,188 - connectionpool.py - _new_conn - DEBUG - Starting new HTTPS connection (1): pre.guan.yatonghui.com:443
2021-09-29 16:11:49,404 - connectionpool.py - _make_request - DEBUG - https://pre.guan.yatonghui.com:443 "GET /api/verification/code/1/13300000110 HTTP/1.1" 200 74
2021-09-29 16:11:49,410 - connectionpool.py - _new_conn - DEBUG - Starting new HTTPS connection (1): pre.guan.yatonghui.com:443
2021-09-29 16:11:49,608 - connectionpool.py - _make_request - DEBUG - https://pre.guan.yatonghui.com:443 "POST /api/login HTTP/1.1" 200 104
2021-09-29 16:11:49,635 - connectionpool.py - _new_conn - DEBUG - Starting new HTTPS connection (1): pre.guan.yatonghui.com:443
2021-09-29 16:11:49,763 - connectionpool.py - _make_request - DEBUG - https://pre.guan.yatonghui.com:443 "GET /api/sys/base/employee/profile?%7B%22orgId%22:%20%22%22%7D HTTP/1.1" 200 None
2021-09-29 16:11:49,789 - connectionpool.py - _new_conn - DEBUG - Starting new HTTPS connection (1): pre.guan.yatonghui.com:443
2021-09-29 16:11:49,983 - connectionpool.py - _make_request - DEBUG - https://pre.guan.yatonghui.com:443 "GET /api/verification/code/1/13300000110 HTTP/1.1" 200 74
2021-09-29 16:11:49,989 - connectionpool.py - _new_conn - DEBUG - Starting new HTTPS connection (1): pre.guan.yatonghui.com:443
2021-09-29 16:11:50,153 - connectionpool.py - _make_request - DEBUG - https://pre.guan.yatonghui.com:443 "POST /api/login HTTP/1.1" 200 104
2021-09-29 16:11:50,172 - connectionpool.py - _new_conn - DEBUG - Starting new HTTPS connection (1): pre.guan.yatonghui.com:443
2021-09-29 16:11:50,321 - connectionpool.py - _make_request - DEBUG - https://pre.guan.yatonghui.com:443 "GET /api/sys/base/employee/profile?%7B%22orgId%22:%20%22%22%7D HTTP/1.1" 200 None
2021-09-29 16:11:50,351 - connectionpool.py - _new_conn - DEBUG - Starting new HTTPS connection (1): pre.guan.yatonghui.com:443
2021-09-29 16:11:50,532 - connectionpool.py - _make_request - DEBUG - https://pre.guan.yatonghui.com:443 "GET /api/verification/code/1/13300000110 HTTP/1.1" 200 74
2021-09-29 16:11:50,539 - connectionpool.py - _new_conn - DEBUG - Starting new HTTPS connection (1): pre.guan.yatonghui.com:443
