2021-09-29 17:32:34,642 - h5_out_case.py - setUpClass - DEBUG - 开始写入接口自动化测试用例
2021-09-29 17:32:34,650 - connectionpool.py - _new_conn - DEBUG - Starting new HTTPS connection (1): hotfix.guan.yatonghui.com:443
2021-09-29 17:32:34,840 - connectionpool.py - _make_request - DEBUG - https://hotfix.guan.yatonghui.com:443 "GET /api/sys/base/organization/getOrgSimple?code=MCGS HTTP/1.1" 200 None
2021-09-29 17:32:34,848 - connectionpool.py - _new_conn - DEBUG - Starting new HTTPS connection (1): hotfix.guan.yatonghui.com:443
2021-09-29 17:32:35,016 - connectionpool.py - _make_request - DEBUG - https://hotfix.guan.yatonghui.com:443 "GET /api/verification/code/1/13300000110 HTTP/1.1" 200 74
2021-09-29 17:32:35,026 - connectionpool.py - _new_conn - DEBUG - Starting new HTTPS connection (1): hotfix.guan.yatonghui.com:443
2021-09-29 17:32:35,351 - connectionpool.py - _make_request - DEBUG - https://hotfix.guan.yatonghui.com:443 "POST /api/login HTTP/1.1" 200 424
2021-09-29 17:32:35,380 - connectionpool.py - _new_conn - DEBUG - Starting new HTTPS connection (1): hotfix.guan.yatonghui.com:443
2021-09-29 17:32:35,592 - connectionpool.py - _make_request - DEBUG - https://hotfix.guan.yatonghui.com:443 "GET /api/sys/base/dict/group/list?type=2 HTTP/1.1" 200 None
2021-09-29 17:32:35,659 - connectionpool.py - _new_conn - DEBUG - Starting new HTTPS connection (1): hotfix.guan.yatonghui.com:443
2021-09-29 17:32:35,846 - connectionpool.py - _make_request - DEBUG - https://hotfix.guan.yatonghui.com:443 "GET /api/verification/code/1/13300000110 HTTP/1.1" 200 74
2021-09-29 17:32:35,852 - connectionpool.py - _new_conn - DEBUG - Starting new HTTPS connection (1): hotfix.guan.yatonghui.com:443
2021-09-29 17:32:36,158 - connectionpool.py - _make_request - DEBUG - https://hotfix.guan.yatonghui.com:443 "POST /api/login HTTP/1.1" 200 424
2021-09-29 17:32:36,176 - connectionpool.py - _new_conn - DEBUG - Starting new HTTPS connection (1): hotfix.guan.yatonghui.com:443
2021-09-29 17:32:36,553 - connectionpool.py - _make_request - DEBUG - https://hotfix.guan.yatonghui.com:443 "GET /api/sys/base/employee/profile?%7B%22orgId%22:%20%22%22%7D HTTP/1.1" 200 None
2021-09-29 17:32:36,575 - connectionpool.py - _new_conn - DEBUG - Starting new HTTPS connection (1): hotfix.guan.yatonghui.com:443
2021-09-29 17:32:36,757 - connectionpool.py - _make_request - DEBUG - https://hotfix.guan.yatonghui.com:443 "GET /api/biz/h5/in/project/my/select?%7B%22onlineStatus%22:%20%221%22%7D HTTP/1.1" 200 None
2021-09-29 17:32:36,777 - connectionpool.py - _new_conn - DEBUG - Starting new HTTPS connection (1): hotfix.guan.yatonghui.com:443
2021-09-29 17:32:36,901 - connectionpool.py - _make_request - DEBUG - https://hotfix.guan.yatonghui.com:443 "GET /api/biz/h5/guanyuan/listRight HTTP/1.1" 200 None
2021-09-29 17:32:36,906 - connectionpool.py - _new_conn - DEBUG - Starting new HTTPS connection (1): hotfix.guan.yatonghui.com:443
2021-09-29 17:32:37,095 - connectionpool.py - _make_request - DEBUG - https://hotfix.guan.yatonghui.com:443 "GET /api/verification/code/1/13300000110 HTTP/1.1" 200 74
2021-09-29 17:32:37,101 - connectionpool.py - _new_conn - DEBUG - Starting new HTTPS connection (1): hotfix.guan.yatonghui.com:443
2021-09-29 17:32:37,390 - connectionpool.py - _make_request - DEBUG - https://hotfix.guan.yatonghui.com:443 "POST /api/login HTTP/1.1" 200 424
2021-09-29 17:32:37,408 - connectionpool.py - _new_conn - DEBUG - Starting new HTTPS connection (1): hotfix.guan.yatonghui.com:443
2021-09-29 17:32:37,783 - connectionpool.py - _make_request - DEBUG - https://hotfix.guan.yatonghui.com:443 "GET /api/sys/base/employee/profile?%7B%22orgId%22:%20%22%22%7D HTTP/1.1" 200 None
2021-09-29 17:32:37,800 - connectionpool.py - _new_conn - DEBUG - Starting new HTTPS connection (1): hotfix.guan.yatonghui.com:443
2021-09-29 17:32:37,971 - connectionpool.py - _make_request - DEBUG - https://hotfix.guan.yatonghui.com:443 "GET /api/biz/h5/in/project/my/select?%7B%22onlineStatus%22:%20%221%22%7D HTTP/1.1" 200 None
2021-09-29 17:32:37,988 - connectionpool.py - _new_conn - DEBUG - Starting new HTTPS connection (1): hotfix.guan.yatonghui.com:443
2021-09-29 17:32:38,362 - connectionpool.py - _make_request - DEBUG - https://hotfix.guan.yatonghui.com:443 "GET /api/sys/base/employee/profile?orgId= HTTP/1.1" 200 None
2021-09-29 17:32:38,368 - connectionpool.py - _new_conn - DEBUG - Starting new HTTPS connection (1): hotfix.guan.yatonghui.com:443
2021-09-29 17:32:38,549 - connectionpool.py - _make_request - DEBUG - https://hotfix.guan.yatonghui.com:443 "GET /api/verification/code/1/13300000110 HTTP/1.1" 200 74
2021-09-29 17:32:38,554 - connectionpool.py - _new_conn - DEBUG - Starting new HTTPS connection (1): hotfix.guan.yatonghui.com:443
2021-09-29 17:32:38,846 - connectionpool.py - _make_request - DEBUG - https://hotfix.guan.yatonghui.com:443 "POST /api/login HTTP/1.1" 200 424
2021-09-29 17:32:38,867 - connectionpool.py - _new_conn - DEBUG - Starting new HTTPS connection (1): hotfix.guan.yatonghui.com:443
2021-09-29 17:32:39,264 - connectionpool.py - _make_request - DEBUG - https://hotfix.guan.yatonghui.com:443 "GET /api/sys/base/employee/profile?%7B%22orgId%22:%20%22%22%7D HTTP/1.1" 200 None
2021-09-29 17:32:39,291 - connectionpool.py - _new_conn - DEBUG - Starting new HTTPS connection (1): hotfix.guan.yatonghui.com:443
2021-09-29 17:32:39,449 - connectionpool.py - _make_request - DEBUG - https://hotfix.guan.yatonghui.com:443 "GET /api/biz/h5/in/project/my/select?%7B%22onlineStatus%22:%20%221%22%7D HTTP/1.1" 200 None
2021-09-29 17:32:39,470 - connectionpool.py - _new_conn - DEBUG - Starting new HTTPS connection (1): hotfix.guan.yatonghui.com:443
2021-09-29 17:32:39,650 - connectionpool.py - _make_request - DEBUG - https://hotfix.guan.yatonghui.com:443 "GET /api/biz/h5/in/project/my/select?onlineStatus=1 HTTP/1.1" 200 None
2021-09-29 17:32:39,657 - connectionpool.py - _new_conn - DEBUG - Starting new HTTPS connection (1): hotfix.guan.yatonghui.com:443
2021-09-29 17:32:39,837 - connectionpool.py - _make_request - DEBUG - https://hotfix.guan.yatonghui.com:443 "GET /api/verification/code/1/13300000110 HTTP/1.1" 200 74
2021-09-29 17:32:39,843 - connectionpool.py - _new_conn - DEBUG - Starting new HTTPS connection (1): hotfix.guan.yatonghui.com:443
2021-09-29 17:32:40,103 - connectionpool.py - _make_request - DEBUG - https://hotfix.guan.yatonghui.com:443 "POST /api/login HTTP/1.1" 200 424
2021-09-29 17:32:40,124 - connectionpool.py - _new_conn - DEBUG - Starting new HTTPS connection (1): hotfix.guan.yatonghui.com:443
2021-09-29 17:32:40,506 - connectionpool.py - _make_request - DEBUG - https://hotfix.guan.yatonghui.com:443 "GET /api/sys/base/employee/profile?%7B%22orgId%22:%20%22%22%7D HTTP/1.1" 200 None
2021-09-29 17:32:40,529 - connectionpool.py - _new_conn - DEBUG - Starting new HTTPS connection (1): hotfix.guan.yatonghui.com:443
2021-09-29 17:32:40,725 - connectionpool.py - _make_request - DEBUG - https://hotfix.guan.yatonghui.com:443 "GET /api/biz/h5/in/project/my/select?%7B%22onlineStatus%22:%20%221%22%7D HTTP/1.1" 200 None
2021-09-29 17:32:40,745 - connectionpool.py - _new_conn - DEBUG - Starting new HTTPS connection (1): hotfix.guan.yatonghui.com:443
2021-09-29 17:32:40,892 - connectionpool.py - _make_request - DEBUG - https://hotfix.guan.yatonghui.com:443 "GET /api/biz/h5/message/getImAboutB HTTP/1.1" 200 None
2021-09-29 17:32:40,898 - connectionpool.py - _new_conn - DEBUG - Starting new HTTPS connection (1): hotfix.guan.yatonghui.com:443
2021-09-29 17:32:41,063 - connectionpool.py - _make_request - DEBUG - https://hotfix.guan.yatonghui.com:443 "GET /api/verification/code/1/13300000110 HTTP/1.1" 200 74
2021-09-29 17:32:41,069 - connectionpool.py - _new_conn - DEBUG - Starting new HTTPS connection (1): hotfix.guan.yatonghui.com:443
2021-09-29 17:32:41,359 - connectionpool.py - _make_request - DEBUG - https://hotfix.guan.yatonghui.com:443 "POST /api/login HTTP/1.1" 200 424
2021-09-29 17:32:41,379 - connectionpool.py - _new_conn - DEBUG - Starting new HTTPS connection (1): hotfix.guan.yatonghui.com:443
2021-09-29 17:32:41,750 - connectionpool.py - _make_request - DEBUG - https://hotfix.guan.yatonghui.com:443 "GET /api/sys/base/employee/profile?%7B%22orgId%22:%20%22%22%7D HTTP/1.1" 200 None
2021-09-29 17:32:41,771 - connectionpool.py - _new_conn - DEBUG - Starting new HTTPS connection (1): hotfix.guan.yatonghui.com:443
