2021-09-27 15:26:01,684 - h5_out_case.py - setUpClass - DEBUG - 开始写入接口自动化测试用例
2021-09-27 15:26:01,693 - connectionpool.py - _new_conn - DEBUG - Starting new HTTPS connection (1): hotfix.guan.yatonghui.com:443
2021-09-27 15:26:01,825 - connectionpool.py - _make_request - DEBUG - https://hotfix.guan.yatonghui.com:443 "GET /api/sys/base/organization/getOrgSimple?code=MCGS HTTP/1.1" 200 None
2021-09-27 15:26:01,830 - connectionpool.py - _new_conn - DEBUG - Starting new HTTPS connection (1): hotfix.guan.yatonghui.com:443
2021-09-27 15:26:01,998 - connectionpool.py - _make_request - DEBUG - https://hotfix.guan.yatonghui.com:443 "GET /api/verification/code/1/13300000110 HTTP/1.1" 200 74
2021-09-27 15:26:02,005 - connectionpool.py - _new_conn - DEBUG - Starting new HTTPS connection (1): hotfix.guan.yatonghui.com:443
2021-09-27 15:26:02,274 - connectionpool.py - _make_request - DEBUG - https://hotfix.guan.yatonghui.com:443 "POST /api/login HTTP/1.1" 200 424
2021-09-27 15:26:02,309 - connectionpool.py - _new_conn - DEBUG - Starting new HTTPS connection (1): hotfix.guan.yatonghui.com:443
2021-09-27 15:26:02,471 - connectionpool.py - _make_request - DEBUG - https://hotfix.guan.yatonghui.com:443 "GET /api/sys/base/dict/group/list?type=2 HTTP/1.1" 200 None
2021-09-27 15:26:02,517 - connectionpool.py - _new_conn - DEBUG - Starting new HTTPS connection (1): hotfix.guan.yatonghui.com:443
2021-09-27 15:26:02,679 - connectionpool.py - _make_request - DEBUG - https://hotfix.guan.yatonghui.com:443 "GET /api/verification/code/1/13300000110 HTTP/1.1" 200 74
2021-09-27 15:26:02,685 - connectionpool.py - _new_conn - DEBUG - Starting new HTTPS connection (1): hotfix.guan.yatonghui.com:443
2021-09-27 15:26:02,921 - connectionpool.py - _make_request - DEBUG - https://hotfix.guan.yatonghui.com:443 "POST /api/login HTTP/1.1" 200 424
2021-09-27 15:26:02,947 - connectionpool.py - _new_conn - DEBUG - Starting new HTTPS connection (1): hotfix.guan.yatonghui.com:443
2021-09-27 15:26:03,309 - connectionpool.py - _make_request - DEBUG - https://hotfix.guan.yatonghui.com:443 "GET /api/sys/base/employee/profile?%7B%22orgId%22:%20%22%22%7D HTTP/1.1" 200 None
2021-09-27 15:26:03,329 - connectionpool.py - _new_conn - DEBUG - Starting new HTTPS connection (1): hotfix.guan.yatonghui.com:443
2021-09-27 15:26:03,477 - connectionpool.py - _make_request - DEBUG - https://hotfix.guan.yatonghui.com:443 "GET /api/biz/h5/in/project/my/select?%7B%22onlineStatus%22:%20%221%22%7D HTTP/1.1" 200 None
2021-09-27 15:26:03,495 - connectionpool.py - _new_conn - DEBUG - Starting new HTTPS connection (1): hotfix.guan.yatonghui.com:443
2021-09-27 15:26:03,601 - connectionpool.py - _make_request - DEBUG - https://hotfix.guan.yatonghui.com:443 "GET /api/biz/h5/guanyuan/listRight HTTP/1.1" 200 None
2021-09-27 15:26:03,605 - connectionpool.py - _new_conn - DEBUG - Starting new HTTPS connection (1): hotfix.guan.yatonghui.com:443
2021-09-27 15:26:03,732 - connectionpool.py - _make_request - DEBUG - https://hotfix.guan.yatonghui.com:443 "GET /api/verification/code/1/13300000110 HTTP/1.1" 200 74
2021-09-27 15:26:03,737 - connectionpool.py - _new_conn - DEBUG - Starting new HTTPS connection (1): hotfix.guan.yatonghui.com:443
2021-09-27 15:26:03,975 - connectionpool.py - _make_request - DEBUG - https://hotfix.guan.yatonghui.com:443 "POST /api/login HTTP/1.1" 200 424
