2021-09-29 16:12:54,516 - h5_out_case.py - setUpClass - DEBUG - 开始写入接口自动化测试用例
2021-09-29 16:12:54,524 - connectionpool.py - _new_conn - DEBUG - Starting new HTTPS connection (1): pre.guan.yatonghui.com:443
2021-09-29 16:12:55,062 - connectionpool.py - _make_request - DEBUG - https://pre.guan.yatonghui.com:443 "GET /api/sys/base/organization/getOrgSimple?code=MCGS HTTP/1.1" 200 None
2021-09-29 16:12:55,068 - connectionpool.py - _new_conn - DEBUG - Starting new HTTPS connection (1): pre.guan.yatonghui.com:443
2021-09-29 16:12:55,990 - connectionpool.py - _make_request - DEBUG - https://pre.guan.yatonghui.com:443 "GET /api/verification/code/1/13300000110 HTTP/1.1" 200 74
2021-09-29 16:12:55,999 - connectionpool.py - _new_conn - DEBUG - Starting new HTTPS connection (1): pre.guan.yatonghui.com:443
2021-09-29 16:12:56,712 - connectionpool.py - _make_request - DEBUG - https://pre.guan.yatonghui.com:443 "POST /api/login HTTP/1.1" 200 104
2021-09-29 16:12:56,736 - connectionpool.py - _new_conn - DEBUG - Starting new HTTPS connection (1): pre.guan.yatonghui.com:443
2021-09-29 16:12:57,427 - connectionpool.py - _make_request - DEBUG - https://pre.guan.yatonghui.com:443 "GET /api/sys/base/dict/group/list?type=2 HTTP/1.1" 200 None
2021-09-29 16:12:57,872 - connectionpool.py - _new_conn - DEBUG - Starting new HTTPS connection (1): pre.guan.yatonghui.com:443
2021-09-29 16:12:58,198 - connectionpool.py - _make_request - DEBUG - https://pre.guan.yatonghui.com:443 "GET /api/verification/code/1/13300000110 HTTP/1.1" 200 74
2021-09-29 16:12:58,206 - connectionpool.py - _new_conn - DEBUG - Starting new HTTPS connection (1): pre.guan.yatonghui.com:443
2021-09-29 16:12:58,408 - connectionpool.py - _make_request - DEBUG - https://pre.guan.yatonghui.com:443 "POST /api/login HTTP/1.1" 200 104
2021-09-29 16:12:58,427 - connectionpool.py - _new_conn - DEBUG - Starting new HTTPS connection (1): pre.guan.yatonghui.com:443
2021-09-29 16:12:58,899 - connectionpool.py - _make_request - DEBUG - https://pre.guan.yatonghui.com:443 "GET /api/sys/base/employee/profile?%7B%22orgId%22:%20%22%22%7D HTTP/1.1" 200 None
2021-09-29 16:12:58,918 - connectionpool.py - _new_conn - DEBUG - Starting new HTTPS connection (1): pre.guan.yatonghui.com:443
2021-09-29 16:12:59,095 - connectionpool.py - _make_request - DEBUG - https://pre.guan.yatonghui.com:443 "GET /api/verification/code/1/13300000110 HTTP/1.1" 200 74
2021-09-29 16:12:59,100 - connectionpool.py - _new_conn - DEBUG - Starting new HTTPS connection (1): pre.guan.yatonghui.com:443
2021-09-29 16:12:59,345 - connectionpool.py - _make_request - DEBUG - https://pre.guan.yatonghui.com:443 "POST /api/login HTTP/1.1" 200 104
2021-09-29 16:12:59,362 - connectionpool.py - _new_conn - DEBUG - Starting new HTTPS connection (1): pre.guan.yatonghui.com:443
2021-09-29 16:12:59,527 - connectionpool.py - _make_request - DEBUG - https://pre.guan.yatonghui.com:443 "GET /api/sys/base/employee/profile?%7B%22orgId%22:%20%22%22%7D HTTP/1.1" 200 None
2021-09-29 16:12:59,550 - connectionpool.py - _new_conn - DEBUG - Starting new HTTPS connection (1): pre.guan.yatonghui.com:443
2021-09-29 16:12:59,788 - connectionpool.py - _make_request - DEBUG - https://pre.guan.yatonghui.com:443 "GET /api/verification/code/1/13300000110 HTTP/1.1" 200 74
2021-09-29 16:12:59,793 - connectionpool.py - _new_conn - DEBUG - Starting new HTTPS connection (1): pre.guan.yatonghui.com:443
2021-09-29 16:13:00,213 - connectionpool.py - _make_request - DEBUG - https://pre.guan.yatonghui.com:443 "POST /api/login HTTP/1.1" 200 104
2021-09-29 16:13:00,236 - connectionpool.py - _new_conn - DEBUG - Starting new HTTPS connection (1): pre.guan.yatonghui.com:443
2021-09-29 16:13:00,718 - connectionpool.py - _make_request - DEBUG - https://pre.guan.yatonghui.com:443 "GET /api/sys/base/employee/profile?%7B%22orgId%22:%20%22%22%7D HTTP/1.1" 200 None
2021-09-29 16:13:00,737 - connectionpool.py - _new_conn - DEBUG - Starting new HTTPS connection (1): pre.guan.yatonghui.com:443
2021-09-29 16:13:00,995 - connectionpool.py - _make_request - DEBUG - https://pre.guan.yatonghui.com:443 "GET /api/verification/code/1/13300000110 HTTP/1.1" 200 74
2021-09-29 16:13:01,000 - connectionpool.py - _new_conn - DEBUG - Starting new HTTPS connection (1): pre.guan.yatonghui.com:443
2021-09-29 16:13:01,329 - connectionpool.py - _make_request - DEBUG - https://pre.guan.yatonghui.com:443 "POST /api/login HTTP/1.1" 200 104
2021-09-29 16:13:01,347 - connectionpool.py - _new_conn - DEBUG - Starting new HTTPS connection (1): pre.guan.yatonghui.com:443
2021-09-29 16:13:01,508 - connectionpool.py - _make_request - DEBUG - https://pre.guan.yatonghui.com:443 "GET /api/sys/base/employee/profile?%7B%22orgId%22:%20%22%22%7D HTTP/1.1" 200 None
2021-09-29 16:13:01,531 - connectionpool.py - _new_conn - DEBUG - Starting new HTTPS connection (1): pre.guan.yatonghui.com:443
