Starting new HTTPS connection (1): hotfix.guan.yatonghui.com:443
https://hotfix.guan.yatonghui.com:443 "GET /api/verification/code/1/13300000110 HTTP/1.1" 200 74
Starting new HTTPS connection (1): hotfix.guan.yatonghui.com:443
https://hotfix.guan.yatonghui.com:443 "POST /api/login HTTP/1.1" 200 424
Starting new HTTPS connection (1): hotfix.guan.yatonghui.com:443
https://hotfix.guan.yatonghui.com:443 "GET /api/sys/base/employee/profile?%7B%22orgId%22:%20%22%22%7D HTTP/1.1" 200 None
Starting new HTTPS connection (1): hotfix.guan.yatonghui.com:443
https://hotfix.guan.yatonghui.com:443 "GET /api/biz/h5/in/project/my/select?%7B%22onlineStatus%22:%20%221%22%7D HTTP/1.1" 200 None
Starting new HTTPS connection (1): hotfix.guan.yatonghui.com:443
https://hotfix.guan.yatonghui.com:443 "GET /api/biz/portrait/business/queryFieldList?bussType=1&bussSence=1 HTTP/1.1" 200 None
Starting new HTTPS connection (1): hotfix.guan.yatonghui.com:443
https://hotfix.guan.yatonghui.com:443 "GET /api/verification/code/1/13300000110 HTTP/1.1" 200 74
Starting new HTTPS connection (1): hotfix.guan.yatonghui.com:443
https://hotfix.guan.yatonghui.com:443 "POST /api/login HTTP/1.1" 200 424
Starting new HTTPS connection (1): hotfix.guan.yatonghui.com:443
https://hotfix.guan.yatonghui.com:443 "GET /api/sys/base/employee/profile?%7B%22orgId%22:%20%22%22%7D HTTP/1.1" 200 None
Starting new HTTPS connection (1): hotfix.guan.yatonghui.com:443
https://hotfix.guan.yatonghui.com:443 "GET /api/biz/h5/in/project/my/select?%7B%22onlineStatus%22:%20%221%22%7D HTTP/1.1" 200 None
Starting new HTTPS connection (1): hotfix.guan.yatonghui.com:443
https://hotfix.guan.yatonghui.com:443 "GET /api/biz/h5/out/customer/checkCustPhone?opt=add&custPhone=13211111112&custIntentId=&type=1 HTTP/1.1" 200 None
Starting new HTTPS connection (1): hotfix.guan.yatonghui.com:443
https://hotfix.guan.yatonghui.com:443 "GET /api/verification/code/1/13300000110 HTTP/1.1" 200 74
Starting new HTTPS connection (1): hotfix.guan.yatonghui.com:443
https://hotfix.guan.yatonghui.com:443 "POST /api/login HTTP/1.1" 200 424
Starting new HTTPS connection (1): hotfix.guan.yatonghui.com:443
https://hotfix.guan.yatonghui.com:443 "GET /api/sys/base/employee/profile?%7B%22orgId%22:%20%22%22%7D HTTP/1.1" 200 None
Starting new HTTPS connection (1): hotfix.guan.yatonghui.com:443
https://hotfix.guan.yatonghui.com:443 "GET /api/biz/h5/in/project/my/select?%7B%22onlineStatus%22:%20%221%22%7D HTTP/1.1" 200 None
Starting new HTTPS connection (1): hotfix.guan.yatonghui.com:443
https://hotfix.guan.yatonghui.com:443 "GET /api/biz/ide/mark/createIdeMark?%7B%22code%22:%20null%7D HTTP/1.1" 200 None
Starting new HTTPS connection (1): hotfix.guan.yatonghui.com:443
https://hotfix.guan.yatonghui.com:443 "POST /api/biz/h5/out/customer/add HTTP/1.1" 200 None
